   1               		.file	"USBInterrupt_AVR8.c"
   2               	__SREG__ = 0x3f
   3               	__SP_H__ = 0x3e
   4               	__SP_L__ = 0x3d
   5               	__CCP__  = 0x34
   6               	__tmp_reg__ = 0
   7               	__zero_reg__ = 1
  15               	.Ltext0:
  16               		.section	.text.USB_INT_DisableAllInterrupts,"ax",@progbits
  17               	.global	USB_INT_DisableAllInterrupts
  19               	USB_INT_DisableAllInterrupts:
  20               	.LFB83:
  21               	.LSM0:
  22               	/* prologue: function */
  23               	/* frame size = 0 */
  24               	.LSM1:
  25 0000 E8ED      		ldi r30,lo8(216)
  26 0002 F0E0      		ldi r31,hi8(216)
  27 0004 8081      		ld r24,Z
  28 0006 8E7F      		andi r24,lo8(-2)
  29 0008 8083      		st Z,r24
  30               	.LSM2:
  31 000a 1092 E200 		sts 226,__zero_reg__
  32               	/* epilogue start */
  33               	.LSM3:
  34 000e 0895      		ret
  35               	.LFE83:
  37               		.section	.text.USB_INT_ClearAllInterrupts,"ax",@progbits
  38               	.global	USB_INT_ClearAllInterrupts
  40               	USB_INT_ClearAllInterrupts:
  41               	.LFB84:
  42               	.LSM4:
  43               	/* prologue: function */
  44               	/* frame size = 0 */
  45               	.LSM5:
  46 0000 1092 DA00 		sts 218,__zero_reg__
  47               	.LSM6:
  48 0004 1092 E100 		sts 225,__zero_reg__
  49               	/* epilogue start */
  50               	.LSM7:
  51 0008 0895      		ret
  52               	.LFE84:
  54               		.section	.text.__vector_11,"ax",@progbits
  55               	.global	__vector_11
  57               	__vector_11:
  58               	.LFB86:
  59               	.LSM8:
  60 0000 1F92      		push __zero_reg__
  61 0002 0F92      		push r0
  62 0004 0FB6      		in r0,__SREG__
  63 0006 0F92      		push r0
  64 0008 1124      		clr __zero_reg__
  65 000a 1F93      		push r17
  66 000c 2F93      		push r18
  67 000e 3F93      		push r19
  68 0010 4F93      		push r20
  69 0012 5F93      		push r21
  70 0014 6F93      		push r22
  71 0016 7F93      		push r23
  72 0018 8F93      		push r24
  73 001a 9F93      		push r25
  74 001c AF93      		push r26
  75 001e BF93      		push r27
  76 0020 EF93      		push r30
  77 0022 FF93      		push r31
  78               	/* prologue: Signal */
  79               	/* frame size = 0 */
  80               	.LBB86:
  81               	.LBB87:
  82               	.LSM9:
  83 0024 E9EE      		ldi r30,lo8(233)
  84 0026 F0E0      		ldi r31,hi8(233)
  85 0028 1081      		ld r17,Z
  86               	.LVL0:
  87 002a 1770      		andi r17,lo8(7)
  88               	.LBE87:
  89               	.LBE86:
  90               	.LBB88:
  91               	.LBB89:
  92               	.LSM10:
  93 002c 1082      		st Z,__zero_reg__
  94               	.LBE89:
  95               	.LBE88:
  96               	.LBB90:
  97               	.LBB91:
  98               	.LSM11:
  99 002e E0EF      		ldi r30,lo8(240)
 100 0030 F0E0      		ldi r31,hi8(240)
 101 0032 8081      		ld r24,Z
 102 0034 877F      		andi r24,lo8(-9)
 103 0036 8083      		st Z,r24
 104               	.LBE91:
 105               	.LBE90:
 106               	.LBB92:
 107               	.LBB93:
 108               	.LSM12:
 109               	.LSM13:
 110               	/* #APP */
 111               	 ;  335 "../../LUFA/Drivers/USB/Core/AVR8/../../../../Common/Common.h" 1
 112 0038 7894      		sei
 113               	 ;  0 "" 2
 114               	.LSM14:
 115               	/* #NOAPP */
 116               	.LBE93:
 117               	.LBE92:
 118               	.LSM15:
 119 003a 0E94 0000 		call USB_Device_ProcessControlRequest
 120               	.LBB94:
 121               	.LBB95:
 122               	.LSM16:
 123 003e A9EE      		ldi r26,lo8(233)
 124 0040 B0E0      		ldi r27,hi8(233)
 125 0042 1C92      		st X,__zero_reg__
 126               	.LBE95:
 127               	.LBE94:
 128               	.LBB96:
 129               	.LBB97:
 130               	.LSM17:
 131 0044 E0EF      		ldi r30,lo8(240)
 132 0046 F0E0      		ldi r31,hi8(240)
 133 0048 8081      		ld r24,Z
 134 004a 8860      		ori r24,lo8(8)
 135 004c 8083      		st Z,r24
 136               	.LBE97:
 137               	.LBE96:
 138               	.LBB98:
 139               	.LBB99:
 140               	.LSM18:
 141 004e 1C93      		st X,r17
 142               	/* epilogue start */
 143               	.LBE99:
 144               	.LBE98:
 145               	.LSM19:
 146 0050 FF91      		pop r31
 147 0052 EF91      		pop r30
 148 0054 BF91      		pop r27
 149 0056 AF91      		pop r26
 150 0058 9F91      		pop r25
 151 005a 8F91      		pop r24
 152 005c 7F91      		pop r23
 153 005e 6F91      		pop r22
 154 0060 5F91      		pop r21
 155 0062 4F91      		pop r20
 156 0064 3F91      		pop r19
 157 0066 2F91      		pop r18
 158 0068 1F91      		pop r17
 159               	.LVL1:
 160 006a 0F90      		pop r0
 161 006c 0FBE      		out __SREG__,r0
 162 006e 0F90      		pop r0
 163 0070 1F90      		pop __zero_reg__
 164 0072 1895      		reti
 165               	.LFE86:
 167               		.section	.text.__vector_10,"ax",@progbits
 168               	.global	__vector_10
 170               	__vector_10:
 171               	.LFB85:
 172               	.LSM20:
 173 0000 1F92      		push __zero_reg__
 174 0002 0F92      		push r0
 175 0004 0FB6      		in r0,__SREG__
 176 0006 0F92      		push r0
 177 0008 1124      		clr __zero_reg__
 178 000a 2F93      		push r18
 179 000c 3F93      		push r19
 180 000e 4F93      		push r20
 181 0010 5F93      		push r21
 182 0012 6F93      		push r22
 183 0014 7F93      		push r23
 184 0016 8F93      		push r24
 185 0018 9F93      		push r25
 186 001a AF93      		push r26
 187 001c BF93      		push r27
 188 001e EF93      		push r30
 189 0020 FF93      		push r31
 190               	/* prologue: Signal */
 191               	/* frame size = 0 */
 192               	.LBB100:
 193               	.LBB101:
 194               	.LSM21:
 195 0022 8091 E100 		lds r24,225
 196               	.LBE101:
 197               	.LBE100:
 198               	.LSM22:
 199 0026 82FF      		sbrs r24,2
 200 0028 00C0      		rjmp .L8
 201               	.LBB102:
 202               	.LBB103:
 203               	.LSM23:
 204 002a 8091 E200 		lds r24,226
 205               	.LBE103:
 206               	.LBE102:
 207               	.LSM24:
 208 002e 82FF      		sbrs r24,2
 209 0030 00C0      		rjmp .L8
 210               	.LBB104:
 211               	.LBB105:
 212               	.LSM25:
 213 0032 8091 E100 		lds r24,225
 214 0036 8B7F      		andi r24,lo8(-5)
 215 0038 8093 E100 		sts 225,r24
 216               	.LBE105:
 217               	.LBE104:
 218               	.LSM26:
 219 003c 0E94 0000 		call EVENT_USB_Device_StartOfFrame
 220               	.L8:
 221               	.LBB106:
 222               	.LBB107:
 223               	.LSM27:
 224 0040 8091 DA00 		lds r24,218
 225               	.LBE107:
 226               	.LBE106:
 227               	.LSM28:
 228 0044 80FF      		sbrs r24,0
 229 0046 00C0      		rjmp .L9
 230               	.LBB108:
 231               	.LBB109:
 232               	.LSM29:
 233 0048 8091 D800 		lds r24,216
 234               	.LBE109:
 235               	.LBE108:
 236               	.LSM30:
 237 004c 80FF      		sbrs r24,0
 238 004e 00C0      		rjmp .L9
 239               	.LBB110:
 240               	.LBB111:
 241               	.LSM31:
 242 0050 8091 DA00 		lds r24,218
 243 0054 8E7F      		andi r24,lo8(-2)
 244 0056 8093 DA00 		sts 218,r24
 245               	.LBE111:
 246               	.LBE110:
 247               	.LBB112:
 248               	.LBB113:
 249               	.LSM32:
 250 005a 8091 D900 		lds r24,217
 251               	.LBE113:
 252               	.LBE112:
 253               	.LSM33:
 254 005e 80FF      		sbrs r24,0
 255 0060 00C0      		rjmp .L10
 256               	.LBB114:
 257               	.LBB115:
 258               	.LSM34:
 259 0062 80E1      		ldi r24,lo8(16)
 260 0064 89BD      		out 73-32,r24
 261               	.LSM35:
 262 0066 82E1      		ldi r24,lo8(18)
 263 0068 89BD      		out 73-32,r24
 264               	.L11:
 265               	.LBE115:
 266               	.LBE114:
 267               	.LSM36:
 268 006a 09B4      		in __tmp_reg__,73-32
 269 006c 00FE      		sbrs __tmp_reg__,0
 270 006e 00C0      		rjmp .L11
 271               	.LSM37:
 272 0070 81E0      		ldi r24,lo8(1)
 273 0072 8EBB      		out 62-32,r24
 274               	.LSM38:
 275 0074 0E94 0000 		call EVENT_USB_Device_Connect
 276 0078 00C0      		rjmp .L9
 277               	.L10:
 278               	.LBB116:
 279               	.LBB117:
 280               	.LSM39:
 281 007a 19BC      		out 73-32,__zero_reg__
 282               	.LBE117:
 283               	.LBE116:
 284               	.LSM40:
 285 007c 1EBA      		out 62-32,__zero_reg__
 286               	.LSM41:
 287 007e 0E94 0000 		call EVENT_USB_Device_Disconnect
 288               	.L9:
 289               	.LBB118:
 290               	.LBB119:
 291               	.LSM42:
 292 0082 8091 E100 		lds r24,225
 293               	.LBE119:
 294               	.LBE118:
 295               	.LSM43:
 296 0086 80FF      		sbrs r24,0
 297 0088 00C0      		rjmp .L12
 298               	.LBB120:
 299               	.LBB121:
 300               	.LSM44:
 301 008a 8091 E200 		lds r24,226
 302               	.LBE121:
 303               	.LBE120:
 304               	.LSM45:
 305 008e 80FF      		sbrs r24,0
 306 0090 00C0      		rjmp .L12
 307               	.LBB122:
 308               	.LBB123:
 309               	.LSM46:
 310 0092 8091 E200 		lds r24,226
 311 0096 8E7F      		andi r24,lo8(-2)
 312 0098 8093 E200 		sts 226,r24
 313               	.LBE123:
 314               	.LBE122:
 315               	.LBB124:
 316               	.LBB125:
 317               	.LSM47:
 318 009c 8091 E200 		lds r24,226
 319 00a0 8061      		ori r24,lo8(16)
 320 00a2 8093 E200 		sts 226,r24
 321               	.LBE125:
 322               	.LBE124:
 323               	.LBB126:
 324               	.LBB127:
 325               	.LSM48:
 326 00a6 8091 D800 		lds r24,216
 327 00aa 8062      		ori r24,lo8(32)
 328 00ac 8093 D800 		sts 216,r24
 329               	.LBE127:
 330               	.LBE126:
 331               	.LBB128:
 332               	.LBB129:
 333               	.LSM49:
 334 00b0 19BC      		out 73-32,__zero_reg__
 335               	.LBE129:
 336               	.LBE128:
 337               	.LSM50:
 338 00b2 85E0      		ldi r24,lo8(5)
 339 00b4 8EBB      		out 62-32,r24
 340               	.LSM51:
 341 00b6 0E94 0000 		call EVENT_USB_Device_Suspend
 342               	.L12:
 343               	.LBB130:
 344               	.LBB131:
 345               	.LSM52:
 346 00ba 8091 E100 		lds r24,225
 347               	.LBE131:
 348               	.LBE130:
 349               	.LSM53:
 350 00be 84FF      		sbrs r24,4
 351 00c0 00C0      		rjmp .L13
 352               	.LBB132:
 353               	.LBB133:
 354               	.LSM54:
 355 00c2 8091 E200 		lds r24,226
 356               	.LBE133:
 357               	.LBE132:
 358               	.LSM55:
 359 00c6 84FF      		sbrs r24,4
 360 00c8 00C0      		rjmp .L13
 361               	.LBB134:
 362               	.LBB135:
 363               	.LSM56:
 364 00ca 80E1      		ldi r24,lo8(16)
 365 00cc 89BD      		out 73-32,r24
 366               	.LSM57:
 367 00ce 82E1      		ldi r24,lo8(18)
 368 00d0 89BD      		out 73-32,r24
 369               	.L14:
 370               	.LBE135:
 371               	.LBE134:
 372               	.LSM58:
 373 00d2 09B4      		in __tmp_reg__,73-32
 374 00d4 00FE      		sbrs __tmp_reg__,0
 375 00d6 00C0      		rjmp .L14
 376               	.LBB136:
 377               	.LBB137:
 378               	.LSM59:
 379 00d8 8091 D800 		lds r24,216
 380 00dc 8F7D      		andi r24,lo8(-33)
 381 00de 8093 D800 		sts 216,r24
 382               	.LBE137:
 383               	.LBE136:
 384               	.LBB138:
 385               	.LBB139:
 386               	.LSM60:
 387 00e2 8091 E100 		lds r24,225
 388 00e6 8F7E      		andi r24,lo8(-17)
 389 00e8 8093 E100 		sts 225,r24
 390               	.LBE139:
 391               	.LBE138:
 392               	.LBB140:
 393               	.LBB141:
 394               	.LSM61:
 395 00ec 8091 E200 		lds r24,226
 396 00f0 8F7E      		andi r24,lo8(-17)
 397 00f2 8093 E200 		sts 226,r24
 398               	.LBE141:
 399               	.LBE140:
 400               	.LBB142:
 401               	.LBB143:
 402               	.LSM62:
 403 00f6 8091 E200 		lds r24,226
 404 00fa 8160      		ori r24,lo8(1)
 405 00fc 8093 E200 		sts 226,r24
 406               	.LBE143:
 407               	.LBE142:
 408               	.LSM63:
 409 0100 8091 0000 		lds r24,USB_Device_ConfigurationNumber
 410 0104 8823      		tst r24
 411 0106 01F4      		brne .L17
 412               	.L15:
 413               	.LBB144:
 414               	.LBB145:
 415               	.LSM64:
 416 0108 8091 E300 		lds r24,227
 417               	.LBE145:
 418               	.LBE144:
 419               	.LSM65:
 420 010c 87FD      		sbrc r24,7
 421 010e 00C0      		rjmp .L17
 422 0110 81E0      		ldi r24,lo8(1)
 423 0112 00C0      		rjmp .L18
 424               	.L17:
 425 0114 84E0      		ldi r24,lo8(4)
 426               	.L18:
 427 0116 8EBB      		out 62-32,r24
 428               	.LSM66:
 429 0118 0E94 0000 		call EVENT_USB_Device_WakeUp
 430               	.L13:
 431               	.LBB146:
 432               	.LBB147:
 433               	.LSM67:
 434 011c 8091 E100 		lds r24,225
 435               	.LBE147:
 436               	.LBE146:
 437               	.LSM68:
 438 0120 83FF      		sbrs r24,3
 439 0122 00C0      		rjmp .L20
 440               	.LBB148:
 441               	.LBB149:
 442               	.LSM69:
 443 0124 8091 E200 		lds r24,226
 444               	.LBE149:
 445               	.LBE148:
 446               	.LSM70:
 447 0128 83FF      		sbrs r24,3
 448 012a 00C0      		rjmp .L20
 449               	.LBB150:
 450               	.LBB151:
 451               	.LSM71:
 452 012c 8091 E100 		lds r24,225
 453 0130 877F      		andi r24,lo8(-9)
 454 0132 8093 E100 		sts 225,r24
 455               	.LBE151:
 456               	.LBE150:
 457               	.LSM72:
 458 0136 82E0      		ldi r24,lo8(2)
 459 0138 8EBB      		out 62-32,r24
 460               	.LSM73:
 461 013a 1092 0000 		sts USB_Device_ConfigurationNumber,__zero_reg__
 462               	.LBB152:
 463               	.LBB153:
 464               	.LSM74:
 465 013e 8091 E100 		lds r24,225
 466 0142 8E7F      		andi r24,lo8(-2)
 467 0144 8093 E100 		sts 225,r24
 468               	.LBE153:
 469               	.LBE152:
 470               	.LBB154:
 471               	.LBB155:
 472               	.LSM75:
 473 0148 8091 E200 		lds r24,226
 474 014c 8E7F      		andi r24,lo8(-2)
 475 014e 8093 E200 		sts 226,r24
 476               	.LBE155:
 477               	.LBE154:
 478               	.LBB156:
 479               	.LBB157:
 480               	.LSM76:
 481 0152 8091 E200 		lds r24,226
 482 0156 8061      		ori r24,lo8(16)
 483 0158 8093 E200 		sts 226,r24
 484               	.LBE157:
 485               	.LBE156:
 486               	.LBB158:
 487               	.LBB159:
 488               	.LSM77:
 489 015c 80E0      		ldi r24,lo8(0)
 490 015e 60E0      		ldi r22,lo8(0)
 491 0160 42E0      		ldi r20,lo8(2)
 492 0162 0E94 0000 		call Endpoint_ConfigureEndpoint_Prv
 493               	.LBE159:
 494               	.LBE158:
 495               	.LBB160:
 496               	.LBB161:
 497               	.LSM78:
 498 0166 8091 F000 		lds r24,240
 499 016a 8860      		ori r24,lo8(8)
 500 016c 8093 F000 		sts 240,r24
 501               	.LBE161:
 502               	.LBE160:
 503               	.LSM79:
 504 0170 0E94 0000 		call EVENT_USB_Device_Reset
 505               	.L20:
 506               	/* epilogue start */
 507               	.LSM80:
 508 0174 FF91      		pop r31
 509 0176 EF91      		pop r30
 510 0178 BF91      		pop r27
 511 017a AF91      		pop r26
 512 017c 9F91      		pop r25
 513 017e 8F91      		pop r24
 514 0180 7F91      		pop r23
 515 0182 6F91      		pop r22
 516 0184 5F91      		pop r21
 517 0186 4F91      		pop r20
 518 0188 3F91      		pop r19
 519 018a 2F91      		pop r18
 520 018c 0F90      		pop r0
 521 018e 0FBE      		out __SREG__,r0
 522 0190 0F90      		pop r0
 523 0192 1F90      		pop __zero_reg__
 524 0194 1895      		reti
 525               	.LFE85:
 575               	.Letext0:
DEFINED SYMBOLS
                            *ABS*:00000000 USBInterrupt_AVR8.c
/var/folders/ml/6pvjwk4n6698h5qhg_5pqkt80000gn/T//ccp1Eq53.s:2      *ABS*:0000003f __SREG__
/var/folders/ml/6pvjwk4n6698h5qhg_5pqkt80000gn/T//ccp1Eq53.s:3      *ABS*:0000003e __SP_H__
/var/folders/ml/6pvjwk4n6698h5qhg_5pqkt80000gn/T//ccp1Eq53.s:4      *ABS*:0000003d __SP_L__
/var/folders/ml/6pvjwk4n6698h5qhg_5pqkt80000gn/T//ccp1Eq53.s:5      *ABS*:00000034 __CCP__
/var/folders/ml/6pvjwk4n6698h5qhg_5pqkt80000gn/T//ccp1Eq53.s:6      *ABS*:00000000 __tmp_reg__
/var/folders/ml/6pvjwk4n6698h5qhg_5pqkt80000gn/T//ccp1Eq53.s:7      *ABS*:00000001 __zero_reg__
/var/folders/ml/6pvjwk4n6698h5qhg_5pqkt80000gn/T//ccp1Eq53.s:19     .text.USB_INT_DisableAllInterrupts:00000000 USB_INT_DisableAllInterrupts
/var/folders/ml/6pvjwk4n6698h5qhg_5pqkt80000gn/T//ccp1Eq53.s:40     .text.USB_INT_ClearAllInterrupts:00000000 USB_INT_ClearAllInterrupts
/var/folders/ml/6pvjwk4n6698h5qhg_5pqkt80000gn/T//ccp1Eq53.s:57     .text.__vector_11:00000000 __vector_11
/var/folders/ml/6pvjwk4n6698h5qhg_5pqkt80000gn/T//ccp1Eq53.s:170    .text.__vector_10:00000000 __vector_10

UNDEFINED SYMBOLS
USB_Device_ProcessControlRequest
EVENT_USB_Device_StartOfFrame
EVENT_USB_Device_Connect
EVENT_USB_Device_Disconnect
EVENT_USB_Device_Suspend
USB_Device_ConfigurationNumber
EVENT_USB_Device_WakeUp
Endpoint_ConfigureEndpoint_Prv
EVENT_USB_Device_Reset
