   1               		.file	"CDC.c"
   2               	__SREG__ = 0x3f
   3               	__SP_H__ = 0x3e
   4               	__SP_L__ = 0x3d
   5               	__CCP__  = 0x34
   6               	__tmp_reg__ = 0
   7               	__zero_reg__ = 1
  15               	.Ltext0:
  16               		.section	.text.CDC_Device_BytesReceived,"ax",@progbits
  17               	.global	CDC_Device_BytesReceived
  19               	CDC_Device_BytesReceived:
  20               	.LFB103:
  21               	.LSM0:
  22               	.LVL0:
  23               	/* prologue: function */
  24               	/* frame size = 0 */
  25 0000 FC01      		movw r30,r24
  26               	.LSM1:
  27 0002 8EB3      		in r24,62-32
  28               	.LVL1:
  29 0004 8430      		cpi r24,lo8(4)
  30 0006 01F4      		brne .L2
  31 0008 8785      		ldd r24,Z+15
  32 000a 9089      		ldd r25,Z+16
  33 000c A189      		ldd r26,Z+17
  34 000e B289      		ldd r27,Z+18
  35 0010 0097      		sbiw r24,0
  36 0012 A105      		cpc r26,__zero_reg__
  37 0014 B105      		cpc r27,__zero_reg__
  38 0016 01F0      		breq .L2
  39               	.LSM2:
  40 0018 8581      		ldd r24,Z+5
  41               	.LBB89:
  42               	.LBB90:
  43               	.LSM3:
  44 001a 8093 E900 		sts 233,r24
  45               	.LBE90:
  46               	.LBE89:
  47               	.LBB91:
  48               	.LBB92:
  49               	.LSM4:
  50 001e 8091 E800 		lds r24,232
  51               	.LBE92:
  52               	.LBE91:
  53               	.LSM5:
  54 0022 82FF      		sbrs r24,2
  55 0024 00C0      		rjmp .L2
  56               	.LBB93:
  57               	.LBB94:
  58               	.LSM6:
  59 0026 4091 F300 		lds r20,243
  60 002a 2091 F200 		lds r18,242
  61               	.LBE94:
  62               	.LBE93:
  63               	.LSM7:
  64 002e 942F      		mov r25,r20
  65 0030 80E0      		ldi r24,lo8(0)
  66 0032 30E0      		ldi r19,lo8(0)
  67 0034 822B      		or r24,r18
  68 0036 932B      		or r25,r19
  69 0038 892B      		or r24,r25
  70 003a 01F4      		brne .L3
  71               	.LBB95:
  72               	.LBB96:
  73               	.LSM8:
  74 003c 8091 E800 		lds r24,232
  75 0040 8B77      		andi r24,lo8(123)
  76 0042 8093 E800 		sts 232,r24
  77 0046 00C0      		rjmp .L2
  78               	.L3:
  79               	.LBE96:
  80               	.LBE95:
  81               	.LBB97:
  82               	.LBB98:
  83               	.LSM9:
  84 0048 8091 F300 		lds r24,243
  85 004c 9091 F200 		lds r25,242
  86 0050 382F      		mov r19,r24
  87 0052 20E0      		ldi r18,lo8(0)
  88 0054 492F      		mov r20,r25
  89 0056 50E0      		ldi r21,lo8(0)
  90 0058 422B      		or r20,r18
  91 005a 532B      		or r21,r19
  92 005c 00C0      		rjmp .L4
  93               	.L2:
  94               	.LSM10:
  95 005e 40E0      		ldi r20,lo8(0)
  96 0060 50E0      		ldi r21,hi8(0)
  97               	.L4:
  98               	.LBE98:
  99               	.LBE97:
 100               	.LSM11:
 101 0062 CA01      		movw r24,r20
 102               	/* epilogue start */
 103 0064 0895      		ret
 104               	.LFE103:
 106               		.section	.text.CDC_Device_ReceiveByte,"ax",@progbits
 107               	.global	CDC_Device_ReceiveByte
 109               	CDC_Device_ReceiveByte:
 110               	.LFB104:
 111               	.LSM12:
 112               	.LVL2:
 113               	/* prologue: function */
 114               	/* frame size = 0 */
 115 0000 FC01      		movw r30,r24
 116               	.LSM13:
 117 0002 8EB3      		in r24,62-32
 118               	.LVL3:
 119 0004 8430      		cpi r24,lo8(4)
 120 0006 01F4      		brne .L7
 121 0008 8785      		ldd r24,Z+15
 122 000a 9089      		ldd r25,Z+16
 123 000c A189      		ldd r26,Z+17
 124 000e B289      		ldd r27,Z+18
 125 0010 0097      		sbiw r24,0
 126 0012 A105      		cpc r26,__zero_reg__
 127 0014 B105      		cpc r27,__zero_reg__
 128 0016 01F0      		breq .L7
 129               	.LSM14:
 130 0018 8581      		ldd r24,Z+5
 131               	.LBB99:
 132               	.LBB100:
 133               	.LSM15:
 134 001a 8093 E900 		sts 233,r24
 135               	.LBE100:
 136               	.LBE99:
 137               	.LBB101:
 138               	.LBB102:
 139               	.LSM16:
 140 001e 8091 E800 		lds r24,232
 141               	.LBE102:
 142               	.LBE101:
 143               	.LSM17:
 144 0022 82FF      		sbrs r24,2
 145 0024 00C0      		rjmp .L7
 146               	.L8:
 147               	.LBB103:
 148               	.LBB104:
 149               	.LSM18:
 150 0026 4091 F300 		lds r20,243
 151 002a 2091 F200 		lds r18,242
 152               	.LBE104:
 153               	.LBE103:
 154               	.LSM19:
 155 002e 942F      		mov r25,r20
 156 0030 80E0      		ldi r24,lo8(0)
 157 0032 30E0      		ldi r19,lo8(0)
 158 0034 822B      		or r24,r18
 159 0036 932B      		or r25,r19
 160 0038 892B      		or r24,r25
 161 003a 01F4      		brne .L10
 162 003c 6FEF      		ldi r22,lo8(-1)
 163 003e 7FEF      		ldi r23,hi8(-1)
 164               	.LVL4:
 165 0040 00C0      		rjmp .L11
 166               	.LVL5:
 167               	.L10:
 168               	.LBB105:
 169               	.LBB106:
 170               	.LSM20:
 171 0042 8091 F100 		lds r24,241
 172               	.LBE106:
 173               	.LBE105:
 174               	.LSM21:
 175 0046 682F      		mov r22,r24
 176               	.LVL6:
 177 0048 70E0      		ldi r23,lo8(0)
 178               	.LVL7:
 179               	.L11:
 180               	.LBB107:
 181               	.LBB108:
 182               	.LSM22:
 183 004a 4091 F300 		lds r20,243
 184 004e 2091 F200 		lds r18,242
 185               	.LBE108:
 186               	.LBE107:
 187               	.LSM23:
 188 0052 942F      		mov r25,r20
 189 0054 80E0      		ldi r24,lo8(0)
 190 0056 30E0      		ldi r19,lo8(0)
 191 0058 822B      		or r24,r18
 192 005a 932B      		or r25,r19
 193 005c 892B      		or r24,r25
 194 005e 01F4      		brne .L9
 195               	.LBB109:
 196               	.LBB110:
 197               	.LSM24:
 198 0060 8091 E800 		lds r24,232
 199 0064 8B77      		andi r24,lo8(123)
 200 0066 8093 E800 		sts 232,r24
 201 006a 00C0      		rjmp .L9
 202               	.LVL8:
 203               	.L7:
 204 006c 6FEF      		ldi r22,lo8(-1)
 205 006e 7FEF      		ldi r23,hi8(-1)
 206               	.LVL9:
 207               	.L9:
 208               	.LBE110:
 209               	.LBE109:
 210               	.LSM25:
 211 0070 CB01      		movw r24,r22
 212               	.LVL10:
 213               	/* epilogue start */
 214 0072 0895      		ret
 215               	.LFE104:
 217               		.section	.text.CDC_Device_CreateStream,"ax",@progbits
 218               	.global	CDC_Device_CreateStream
 220               	CDC_Device_CreateStream:
 221               	.LFB106:
 222               	.LSM26:
 223               	.LVL11:
 224               	/* prologue: function */
 225               	/* frame size = 0 */
 226 0000 FB01      		movw r30,r22
 227               	.LSM27:
 228 0002 2EE0      		ldi r18,lo8(14)
 229 0004 DB01      		movw r26,r22
 230 0006 1D92      		st X+,__zero_reg__
 231 0008 2A95      	        dec r18
 232 000a 01F4      		brne .-6
 233 000c 23E0      		ldi r18,lo8(3)
 234 000e 2383      		std Z+3,r18
 235 0010 20E0      		ldi r18,lo8(gs(CDC_Device_putchar))
 236 0012 30E0      		ldi r19,hi8(gs(CDC_Device_putchar))
 237 0014 3187      		std Z+9,r19
 238 0016 2087      		std Z+8,r18
 239 0018 20E0      		ldi r18,lo8(gs(CDC_Device_getchar))
 240 001a 30E0      		ldi r19,hi8(gs(CDC_Device_getchar))
 241 001c 3387      		std Z+11,r19
 242 001e 2287      		std Z+10,r18
 243               	.LSM28:
 244 0020 9587      		std Z+13,r25
 245 0022 8487      		std Z+12,r24
 246               	/* epilogue start */
 247               	.LSM29:
 248 0024 0895      		ret
 249               	.LFE106:
 251               		.section	.text.CDC_Device_CreateBlockingStream,"ax",@progbits
 252               	.global	CDC_Device_CreateBlockingStream
 254               	CDC_Device_CreateBlockingStream:
 255               	.LFB107:
 256               	.LSM30:
 257               	.LVL12:
 258               	/* prologue: function */
 259               	/* frame size = 0 */
 260 0000 FB01      		movw r30,r22
 261               	.LSM31:
 262 0002 2EE0      		ldi r18,lo8(14)
 263 0004 DB01      		movw r26,r22
 264 0006 1D92      		st X+,__zero_reg__
 265 0008 2A95      	        dec r18
 266 000a 01F4      		brne .-6
 267 000c 23E0      		ldi r18,lo8(3)
 268 000e 2383      		std Z+3,r18
 269 0010 20E0      		ldi r18,lo8(gs(CDC_Device_putchar))
 270 0012 30E0      		ldi r19,hi8(gs(CDC_Device_putchar))
 271 0014 3187      		std Z+9,r19
 272 0016 2087      		std Z+8,r18
 273 0018 20E0      		ldi r18,lo8(gs(CDC_Device_getchar_Blocking))
 274 001a 30E0      		ldi r19,hi8(gs(CDC_Device_getchar_Blocking))
 275 001c 3387      		std Z+11,r19
 276 001e 2287      		std Z+10,r18
 277               	.LSM32:
 278 0020 9587      		std Z+13,r25
 279 0022 8487      		std Z+12,r24
 280               	/* epilogue start */
 281               	.LSM33:
 282 0024 0895      		ret
 283               	.LFE107:
 285               		.section	.text.CDC_Device_getchar,"ax",@progbits
 287               	CDC_Device_getchar:
 288               	.LFB109:
 289               	.LSM34:
 290               	.LVL13:
 291               	/* prologue: function */
 292               	/* frame size = 0 */
 293               	.LSM35:
 294 0000 FC01      		movw r30,r24
 295 0002 8485      		ldd r24,Z+12
 296 0004 9585      		ldd r25,Z+13
 297               	.LVL14:
 298 0006 0E94 0000 		call CDC_Device_ReceiveByte
 299 000a 9C01      		movw r18,r24
 300               	.LVL15:
 301               	.LSM36:
 302 000c 97FF      		sbrs r25,7
 303 000e 00C0      		rjmp .L18
 304               	.LVL16:
 305 0010 2EEF      		ldi r18,lo8(-2)
 306 0012 3FEF      		ldi r19,hi8(-2)
 307               	.LVL17:
 308               	.L18:
 309               	.LSM37:
 310 0014 C901      		movw r24,r18
 311               	.LVL18:
 312               	/* epilogue start */
 313 0016 0895      		ret
 314               	.LFE109:
 316               		.section	.text.CDC_Device_Event_Stub,"ax",@progbits
 317               	.global	CDC_Device_Event_Stub
 319               	CDC_Device_Event_Stub:
 320               	.LFB111:
 321               	.LSM38:
 322               	/* prologue: function */
 323               	/* frame size = 0 */
 324               	/* epilogue start */
 325               	.LSM39:
 326 0000 0895      		ret
 327               	.LFE111:
 329               		.section	.text.CDC_Device_SendControlLineStateChange,"ax",@progbits
 330               	.global	CDC_Device_SendControlLineStateChange
 332               	CDC_Device_SendControlLineStateChange:
 333               	.LFB105:
 334               	.LSM40:
 335               	.LVL19:
 336 0000 0F93      		push r16
 337 0002 1F93      		push r17
 338 0004 DF93      		push r29
 339 0006 CF93      		push r28
 340 0008 CDB7      		in r28,__SP_L__
 341 000a DEB7      		in r29,__SP_H__
 342 000c 2897      		sbiw r28,8
 343 000e 0FB6      		in __tmp_reg__,__SREG__
 344 0010 F894      		cli
 345 0012 DEBF      		out __SP_H__,r29
 346 0014 0FBE      		out __SREG__,__tmp_reg__
 347 0016 CDBF      		out __SP_L__,r28
 348               	/* prologue: function */
 349               	/* frame size = 8 */
 350 0018 8C01      		movw r16,r24
 351               	.LSM41:
 352 001a 8EB3      		in r24,62-32
 353               	.LVL20:
 354 001c 8430      		cpi r24,lo8(4)
 355 001e 01F4      		brne .L25
 356 0020 F801      		movw r30,r16
 357 0022 8785      		ldd r24,Z+15
 358 0024 9089      		ldd r25,Z+16
 359 0026 A189      		ldd r26,Z+17
 360 0028 B289      		ldd r27,Z+18
 361 002a 0097      		sbiw r24,0
 362 002c A105      		cpc r26,__zero_reg__
 363 002e B105      		cpc r27,__zero_reg__
 364 0030 01F0      		breq .L25
 365               	.LSM42:
 366 0032 8185      		ldd r24,Z+9
 367               	.LBB111:
 368               	.LBB112:
 369               	.LSM43:
 370 0034 8093 E900 		sts 233,r24
 371               	.LBE112:
 372               	.LBE111:
 373               	.LSM44:
 374 0038 DE01      		movw r26,r28
 375 003a 1196      		adiw r26,1
 376 003c E0E0      		ldi r30,lo8(C.11.4008)
 377 003e F0E0      		ldi r31,hi8(C.11.4008)
 378 0040 88E0      		ldi r24,lo8(8)
 379               	.L24:
 380 0042 0190      		ld r0,Z+
 381 0044 0D92      		st X+,r0
 382 0046 8150      		subi r24,lo8(-(-1))
 383 0048 01F4      		brne .L24
 384               	.LSM45:
 385 004a CE01      		movw r24,r28
 386 004c 0196      		adiw r24,1
 387 004e 68E0      		ldi r22,lo8(8)
 388 0050 70E0      		ldi r23,hi8(8)
 389 0052 40E0      		ldi r20,lo8(0)
 390 0054 50E0      		ldi r21,hi8(0)
 391 0056 0E94 0000 		call Endpoint_Write_Stream_LE
 392               	.LSM46:
 393 005a C801      		movw r24,r16
 394 005c 0E96      		adiw r24,14
 395 005e 61E0      		ldi r22,lo8(1)
 396 0060 70E0      		ldi r23,hi8(1)
 397 0062 40E0      		ldi r20,lo8(0)
 398 0064 50E0      		ldi r21,hi8(0)
 399 0066 0E94 0000 		call Endpoint_Write_Stream_LE
 400               	.LBB113:
 401               	.LBB114:
 402               	.LSM47:
 403 006a 8091 E800 		lds r24,232
 404 006e 8E77      		andi r24,lo8(126)
 405 0070 8093 E800 		sts 232,r24
 406               	.L25:
 407               	/* epilogue start */
 408               	.LBE114:
 409               	.LBE113:
 410               	.LSM48:
 411 0074 2896      		adiw r28,8
 412 0076 0FB6      		in __tmp_reg__,__SREG__
 413 0078 F894      		cli
 414 007a DEBF      		out __SP_H__,r29
 415 007c 0FBE      		out __SREG__,__tmp_reg__
 416 007e CDBF      		out __SP_L__,r28
 417 0080 CF91      		pop r28
 418 0082 DF91      		pop r29
 419 0084 1F91      		pop r17
 420 0086 0F91      		pop r16
 421               	.LVL21:
 422 0088 0895      		ret
 423               	.LFE105:
 425               		.section	.text.CDC_Device_SendData,"ax",@progbits
 426               	.global	CDC_Device_SendData
 428               	CDC_Device_SendData:
 429               	.LFB100:
 430               	.LSM49:
 431               	.LVL22:
 432               	/* prologue: function */
 433               	/* frame size = 0 */
 434 0000 FC01      		movw r30,r24
 435               	.LSM50:
 436 0002 8EB3      		in r24,62-32
 437               	.LVL23:
 438 0004 8430      		cpi r24,lo8(4)
 439 0006 01F4      		brne .L28
 440 0008 8785      		ldd r24,Z+15
 441 000a 9089      		ldd r25,Z+16
 442 000c A189      		ldd r26,Z+17
 443 000e B289      		ldd r27,Z+18
 444 0010 0097      		sbiw r24,0
 445 0012 A105      		cpc r26,__zero_reg__
 446 0014 B105      		cpc r27,__zero_reg__
 447 0016 01F0      		breq .L28
 448               	.LSM51:
 449 0018 8181      		ldd r24,Z+1
 450               	.LBB115:
 451               	.LBB116:
 452               	.LSM52:
 453 001a 8093 E900 		sts 233,r24
 454               	.LBE116:
 455               	.LBE115:
 456               	.LSM53:
 457 001e CB01      		movw r24,r22
 458 0020 BA01      		movw r22,r20
 459               	.LVL24:
 460 0022 40E0      		ldi r20,lo8(0)
 461 0024 50E0      		ldi r21,hi8(0)
 462               	.LVL25:
 463 0026 0E94 0000 		call Endpoint_Write_Stream_LE
 464               	.LVL26:
 465 002a 0895      		ret
 466               	.LVL27:
 467               	.L28:
 468 002c 82E0      		ldi r24,lo8(2)
 469               	.LSM54:
 470 002e 0895      		ret
 471               	.LFE100:
 473               		.section	.text.CDC_Device_Flush,"ax",@progbits
 474               	.global	CDC_Device_Flush
 476               	CDC_Device_Flush:
 477               	.LFB102:
 478               	.LSM55:
 479               	.LVL28:
 480               	/* prologue: function */
 481               	/* frame size = 0 */
 482 0000 FC01      		movw r30,r24
 483               	.LSM56:
 484 0002 8EB3      		in r24,62-32
 485               	.LVL29:
 486 0004 8430      		cpi r24,lo8(4)
 487 0006 01F4      		brne .L32
 488 0008 8785      		ldd r24,Z+15
 489 000a 9089      		ldd r25,Z+16
 490 000c A189      		ldd r26,Z+17
 491 000e B289      		ldd r27,Z+18
 492 0010 0097      		sbiw r24,0
 493 0012 A105      		cpc r26,__zero_reg__
 494 0014 B105      		cpc r27,__zero_reg__
 495 0016 01F0      		breq .L32
 496               	.LSM57:
 497 0018 8181      		ldd r24,Z+1
 498               	.LBB117:
 499               	.LBB118:
 500               	.LSM58:
 501 001a 8093 E900 		sts 233,r24
 502               	.LBE118:
 503               	.LBE117:
 504               	.LBB119:
 505               	.LBB120:
 506               	.LSM59:
 507 001e 4091 F300 		lds r20,243
 508 0022 2091 F200 		lds r18,242
 509               	.LBE120:
 510               	.LBE119:
 511               	.LSM60:
 512 0026 942F      		mov r25,r20
 513 0028 80E0      		ldi r24,lo8(0)
 514 002a 30E0      		ldi r19,lo8(0)
 515 002c 822B      		or r24,r18
 516 002e 932B      		or r25,r19
 517 0030 892B      		or r24,r25
 518 0032 01F0      		breq .L33
 519               	.LBB121:
 520               	.LBB122:
 521               	.LSM61:
 522 0034 9091 E800 		lds r25,232
 523               	.LBE122:
 524               	.LBE121:
 525               	.LBB123:
 526               	.LBB124:
 527               	.LSM62:
 528 0038 8091 E800 		lds r24,232
 529 003c 8E77      		andi r24,lo8(126)
 530 003e 8093 E800 		sts 232,r24
 531               	.LBE124:
 532               	.LBE123:
 533               	.LSM63:
 534 0042 95FD      		sbrc r25,5
 535 0044 00C0      		rjmp .L33
 536               	.LSM64:
 537 0046 0E94 0000 		call Endpoint_WaitUntilReady
 538               	.LVL30:
 539 004a 982F      		mov r25,r24
 540               	.LVL31:
 541 004c 8823      		tst r24
 542 004e 01F4      		brne .L34
 543               	.LVL32:
 544               	.LBB125:
 545               	.LBB126:
 546               	.LSM65:
 547 0050 8091 E800 		lds r24,232
 548               	.LVL33:
 549 0054 8E77      		andi r24,lo8(126)
 550 0056 8093 E800 		sts 232,r24
 551 005a 00C0      		rjmp .L34
 552               	.LVL34:
 553               	.L32:
 554 005c 92E0      		ldi r25,lo8(2)
 555               	.LVL35:
 556 005e 00C0      		rjmp .L34
 557               	.LVL36:
 558               	.L33:
 559 0060 90E0      		ldi r25,lo8(0)
 560               	.LVL37:
 561               	.L34:
 562               	.LBE126:
 563               	.LBE125:
 564               	.LSM66:
 565 0062 892F      		mov r24,r25
 566               	/* epilogue start */
 567 0064 0895      		ret
 568               	.LFE102:
 570               		.section	.text.CDC_Device_USBTask,"ax",@progbits
 571               	.global	CDC_Device_USBTask
 573               	CDC_Device_USBTask:
 574               	.LFB98:
 575               	.LSM67:
 576               	.LVL38:
 577               	/* prologue: function */
 578               	/* frame size = 0 */
 579 0000 FC01      		movw r30,r24
 580               	.LSM68:
 581 0002 8EB3      		in r24,62-32
 582               	.LVL39:
 583 0004 8430      		cpi r24,lo8(4)
 584 0006 01F4      		brne .L38
 585 0008 8785      		ldd r24,Z+15
 586 000a 9089      		ldd r25,Z+16
 587 000c A189      		ldd r26,Z+17
 588 000e B289      		ldd r27,Z+18
 589 0010 0097      		sbiw r24,0
 590 0012 A105      		cpc r26,__zero_reg__
 591 0014 B105      		cpc r27,__zero_reg__
 592 0016 01F0      		breq .L38
 593               	.LSM69:
 594 0018 CF01      		movw r24,r30
 595 001a 0E94 0000 		call CDC_Device_Flush
 596               	.LVL40:
 597               	.L38:
 598 001e 0895      		ret
 599               	.LFE98:
 601               		.section	.text.CDC_Device_getchar_Blocking,"ax",@progbits
 603               	CDC_Device_getchar_Blocking:
 604               	.LFB110:
 605               	.LSM70:
 606               	.LVL41:
 607 0000 CF93      		push r28
 608 0002 DF93      		push r29
 609               	/* prologue: function */
 610               	/* frame size = 0 */
 611 0004 EC01      		movw r28,r24
 612 0006 00C0      		rjmp .L40
 613               	.LVL42:
 614               	.L43:
 615               	.LSM71:
 616 0008 8EB3      		in r24,62-32
 617               	.LVL43:
 618 000a 8823      		tst r24
 619 000c 01F4      		brne .L41
 620 000e 2EEF      		ldi r18,lo8(-2)
 621 0010 3FEF      		ldi r19,hi8(-2)
 622 0012 00C0      		rjmp .L42
 623               	.L41:
 624               	.LSM72:
 625 0014 8C85      		ldd r24,Y+12
 626 0016 9D85      		ldd r25,Y+13
 627 0018 0E94 0000 		call CDC_Device_USBTask
 628               	.LVL44:
 629               	.LSM73:
 630 001c 0E94 0000 		call USB_USBTask
 631               	.LVL45:
 632               	.L40:
 633               	.LSM74:
 634 0020 8C85      		ldd r24,Y+12
 635 0022 9D85      		ldd r25,Y+13
 636 0024 0E94 0000 		call CDC_Device_ReceiveByte
 637 0028 9C01      		movw r18,r24
 638               	.LVL46:
 639 002a 97FD      		sbrc r25,7
 640 002c 00C0      		rjmp .L43
 641               	.L42:
 642               	.LSM75:
 643 002e C901      		movw r24,r18
 644               	.LVL47:
 645               	/* epilogue start */
 646 0030 DF91      		pop r29
 647 0032 CF91      		pop r28
 648               	.LVL48:
 649 0034 0895      		ret
 650               	.LFE110:
 652               		.section	.text.CDC_Device_SendByte,"ax",@progbits
 653               	.global	CDC_Device_SendByte
 655               	CDC_Device_SendByte:
 656               	.LFB101:
 657               	.LSM76:
 658               	.LVL49:
 659 0000 1F93      		push r17
 660               	/* prologue: function */
 661               	/* frame size = 0 */
 662 0002 FC01      		movw r30,r24
 663 0004 162F      		mov r17,r22
 664               	.LSM77:
 665 0006 8EB3      		in r24,62-32
 666               	.LVL50:
 667 0008 8430      		cpi r24,lo8(4)
 668 000a 01F4      		brne .L46
 669               	.LVL51:
 670 000c 8785      		ldd r24,Z+15
 671 000e 9089      		ldd r25,Z+16
 672 0010 A189      		ldd r26,Z+17
 673 0012 B289      		ldd r27,Z+18
 674 0014 0097      		sbiw r24,0
 675 0016 A105      		cpc r26,__zero_reg__
 676 0018 B105      		cpc r27,__zero_reg__
 677 001a 01F0      		breq .L46
 678               	.LSM78:
 679 001c 8181      		ldd r24,Z+1
 680               	.LBB127:
 681               	.LBB128:
 682               	.LSM79:
 683 001e 8093 E900 		sts 233,r24
 684               	.LBE128:
 685               	.LBE127:
 686               	.LBB129:
 687               	.LBB130:
 688               	.LSM80:
 689 0022 8091 E800 		lds r24,232
 690               	.LBE130:
 691               	.LBE129:
 692               	.LSM81:
 693 0026 85FD      		sbrc r24,5
 694 0028 00C0      		rjmp .L47
 695               	.LBB131:
 696               	.LBB132:
 697               	.LBB133:
 698               	.LSM82:
 699 002a 8091 E800 		lds r24,232
 700 002e 8E77      		andi r24,lo8(126)
 701 0030 8093 E800 		sts 232,r24
 702               	.LBE133:
 703               	.LBE132:
 704               	.LSM83:
 705 0034 0E94 0000 		call Endpoint_WaitUntilReady
 706               	.LVL52:
 707 0038 8823      		tst r24
 708               	.LVL53:
 709 003a 01F4      		brne .L48
 710               	.LVL54:
 711               	.L47:
 712               	.LBE131:
 713               	.LBB134:
 714               	.LBB135:
 715               	.LSM84:
 716 003c 1093 F100 		sts 241,r17
 717 0040 80E0      		ldi r24,lo8(0)
 718 0042 00C0      		rjmp .L48
 719               	.LVL55:
 720               	.L46:
 721               	.LSM85:
 722 0044 82E0      		ldi r24,lo8(2)
 723               	.LVL56:
 724               	.L48:
 725               	.LVL57:
 726               	/* epilogue start */
 727               	.LBE135:
 728               	.LBE134:
 729               	.LSM86:
 730 0046 1F91      		pop r17
 731               	.LVL58:
 732 0048 0895      		ret
 733               	.LFE101:
 735               		.section	.text.CDC_Device_putchar,"ax",@progbits
 737               	CDC_Device_putchar:
 738               	.LFB108:
 739               	.LSM87:
 740               	.LVL59:
 741               	/* prologue: function */
 742               	/* frame size = 0 */
 743 0000 282F      		mov r18,r24
 744 0002 FB01      		movw r30,r22
 745               	.LSM88:
 746 0004 8485      		ldd r24,Z+12
 747 0006 9585      		ldd r25,Z+13
 748               	.LVL60:
 749 0008 622F      		mov r22,r18
 750               	.LVL61:
 751 000a 0E94 0000 		call CDC_Device_SendByte
 752               	.LVL62:
 753 000e 8823      		tst r24
 754 0010 01F4      		brne .L51
 755 0012 20E0      		ldi r18,lo8(0)
 756 0014 30E0      		ldi r19,hi8(0)
 757 0016 00C0      		rjmp .L52
 758               	.L51:
 759 0018 2FEF      		ldi r18,lo8(-1)
 760 001a 3FEF      		ldi r19,hi8(-1)
 761               	.L52:
 762               	.LSM89:
 763 001c C901      		movw r24,r18
 764               	/* epilogue start */
 765 001e 0895      		ret
 766               	.LFE108:
 768               		.section	.text.CDC_Device_SendString,"ax",@progbits
 769               	.global	CDC_Device_SendString
 771               	CDC_Device_SendString:
 772               	.LFB99:
 773               	.LSM90:
 774               	.LVL63:
 775               	/* prologue: function */
 776               	/* frame size = 0 */
 777 0000 FC01      		movw r30,r24
 778               	.LSM91:
 779 0002 8EB3      		in r24,62-32
 780               	.LVL64:
 781 0004 8430      		cpi r24,lo8(4)
 782 0006 01F4      		brne .L55
 783 0008 8785      		ldd r24,Z+15
 784 000a 9089      		ldd r25,Z+16
 785 000c A189      		ldd r26,Z+17
 786 000e B289      		ldd r27,Z+18
 787 0010 0097      		sbiw r24,0
 788 0012 A105      		cpc r26,__zero_reg__
 789 0014 B105      		cpc r27,__zero_reg__
 790 0016 01F0      		breq .L55
 791               	.LSM92:
 792 0018 8181      		ldd r24,Z+1
 793               	.LBB136:
 794               	.LBB137:
 795               	.LSM93:
 796 001a 8093 E900 		sts 233,r24
 797               	.LBE137:
 798               	.LBE136:
 799               	.LSM94:
 800 001e DB01      		movw r26,r22
 801 0020 0D90      		ld __tmp_reg__,X+
 802 0022 0020      		tst __tmp_reg__
 803 0024 01F4      		brne .-6
 804 0026 1197      		sbiw r26,1
 805 0028 A61B      		sub r26,r22
 806 002a B70B      		sbc r27,r23
 807 002c CB01      		movw r24,r22
 808               	.LVL65:
 809 002e BD01      		movw r22,r26
 810 0030 40E0      		ldi r20,lo8(0)
 811 0032 50E0      		ldi r21,hi8(0)
 812 0034 0E94 0000 		call Endpoint_Write_Stream_LE
 813               	.LVL66:
 814 0038 0895      		ret
 815               	.LVL67:
 816               	.L55:
 817 003a 82E0      		ldi r24,lo8(2)
 818               	.LSM95:
 819 003c 0895      		ret
 820               	.LFE99:
 822               		.section	.text.CDC_Device_ConfigureEndpoints,"ax",@progbits
 823               	.global	CDC_Device_ConfigureEndpoints
 825               	CDC_Device_ConfigureEndpoints:
 826               	.LFB97:
 827               	.LSM96:
 828               	.LVL68:
 829 0000 1F93      		push r17
 830 0002 CF93      		push r28
 831 0004 DF93      		push r29
 832               	/* prologue: function */
 833               	/* frame size = 0 */
 834 0006 EC01      		movw r28,r24
 835               	.LSM97:
 836 0008 0D96      		adiw r24,13
 837               	.LVL69:
 838 000a FC01      		movw r30,r24
 839 000c 89E0      		ldi r24,lo8(9)
 840 000e DF01      		movw r26,r30
 841 0010 1D92      		st X+,__zero_reg__
 842 0012 8A95      	        dec r24
 843 0014 01F4      		brne .-6
 844 0016 11E0      		ldi r17,lo8(1)
 845               	.LVL70:
 846               	.L69:
 847               	.LBB138:
 848               	.LBB139:
 849               	.LSM98:
 850 0018 8981      		ldd r24,Y+1
 851 001a 1817      		cp r17,r24
 852 001c 01F4      		brne .L59
 853               	.LSM99:
 854 001e 6A81      		ldd r22,Y+2
 855 0020 7B81      		ldd r23,Y+3
 856               	.LVL71:
 857               	.LSM100:
 858 0022 8C81      		ldd r24,Y+4
 859               	.LVL72:
 860 0024 52E0      		ldi r21,lo8(2)
 861               	.LVL73:
 862 0026 00C0      		rjmp .L72
 863               	.LVL74:
 864               	.L59:
 865               	.LSM101:
 866 0028 8D81      		ldd r24,Y+5
 867 002a 1817      		cp r17,r24
 868 002c 01F4      		brne .L61
 869               	.LSM102:
 870 002e 6E81      		ldd r22,Y+6
 871 0030 7F81      		ldd r23,Y+7
 872               	.LVL75:
 873               	.LSM103:
 874 0032 8885      		ldd r24,Y+8
 875               	.LVL76:
 876 0034 52E0      		ldi r21,lo8(2)
 877               	.LVL77:
 878 0036 30E0      		ldi r19,lo8(0)
 879               	.LVL78:
 880 0038 00C0      		rjmp .L60
 881               	.LVL79:
 882               	.L61:
 883               	.LSM104:
 884 003a 8985      		ldd r24,Y+9
 885 003c 1817      		cp r17,r24
 886 003e 01F4      		brne .L62
 887               	.LSM105:
 888 0040 6A85      		ldd r22,Y+10
 889 0042 7B85      		ldd r23,Y+11
 890               	.LVL80:
 891               	.LSM106:
 892 0044 8C85      		ldd r24,Y+12
 893               	.LVL81:
 894 0046 53E0      		ldi r21,lo8(3)
 895               	.LVL82:
 896               	.L72:
 897 0048 30E8      		ldi r19,lo8(-128)
 898               	.LVL83:
 899               	.L60:
 900               	.LSM107:
 901 004a 8823      		tst r24
 902 004c 01F4      		brne .L63
 903 004e 40E0      		ldi r20,lo8(0)
 904 0050 00C0      		rjmp .L64
 905               	.L63:
 906 0052 44E0      		ldi r20,lo8(4)
 907               	.L64:
 908 0054 20E0      		ldi r18,lo8(0)
 909               	.LVL84:
 910 0056 88E0      		ldi r24,lo8(8)
 911 0058 90E0      		ldi r25,hi8(8)
 912               	.LVL85:
 913 005a 00C0      		rjmp .L65
 914               	.L66:
 915               	.LBB140:
 916               	.LBB141:
 917               	.LBB142:
 918               	.LBB143:
 919               	.LSM108:
 920 005c 2F5F      		subi r18,lo8(-(1))
 921               	.LSM109:
 922 005e 880F      		lsl r24
 923 0060 991F      		rol r25
 924               	.L65:
 925               	.LSM110:
 926 0062 8617      		cp r24,r22
 927 0064 9707      		cpc r25,r23
 928 0066 00F0      		brlo .L66
 929               	.LBE143:
 930               	.LBE142:
 931               	.LBE141:
 932               	.LSM111:
 933 0068 852F      		mov r24,r21
 934               	.LVL86:
 935 006a 90E0      		ldi r25,lo8(0)
 936 006c 56E0      		ldi r21,6
 937 006e 880F      	1:	lsl r24
 938 0070 991F      		rol r25
 939 0072 5A95      		dec r21
 940 0074 01F4      		brne 1b
 941               	.LVL87:
 942 0076 60E0      		ldi r22,lo8(0)
 943               	.LVL88:
 944 0078 3111      		cpse r19,__zero_reg__
 945 007a 61E0      		ldi r22,lo8(1)
 946               	.L67:
 947 007c 682B      		or r22,r24
 948 007e 4260      		ori r20,lo8(2)
 949 0080 2295      		swap r18
 950 0082 207F      		andi r18,lo8(-16)
 951 0084 422B      		or r20,r18
 952 0086 812F      		mov r24,r17
 953 0088 0E94 0000 		call Endpoint_ConfigureEndpoint_Prv
 954               	.LVL89:
 955               	.LBE140:
 956               	.LSM112:
 957 008c 8823      		tst r24
 958 008e 01F0      		breq .L68
 959               	.L62:
 960               	.LBE139:
 961               	.LSM113:
 962 0090 1F5F      		subi r17,lo8(-(1))
 963 0092 1730      		cpi r17,lo8(7)
 964 0094 01F0      		breq .+2
 965 0096 00C0      		rjmp .L69
 966 0098 81E0      		ldi r24,lo8(1)
 967               	.L68:
 968               	/* epilogue start */
 969               	.LBE138:
 970               	.LSM114:
 971 009a DF91      		pop r29
 972 009c CF91      		pop r28
 973               	.LVL90:
 974 009e 1F91      		pop r17
 975               	.LVL91:
 976 00a0 0895      		ret
 977               	.LFE97:
 979               		.section	.text.CDC_Device_ProcessControlRequest,"ax",@progbits
 980               	.global	CDC_Device_ProcessControlRequest
 982               	CDC_Device_ProcessControlRequest:
 983               	.LFB96:
 984               	.LSM115:
 985               	.LVL92:
 986 0000 CF93      		push r28
 987 0002 DF93      		push r29
 988               	/* prologue: function */
 989               	/* frame size = 0 */
 990 0004 EC01      		movw r28,r24
 991               	.LBB144:
 992               	.LBB145:
 993               	.LSM116:
 994 0006 8091 E800 		lds r24,232
 995               	.LVL93:
 996               	.LBE145:
 997               	.LBE144:
 998               	.LSM117:
 999 000a 83FF      		sbrs r24,3
 1000 000c 00C0      		rjmp .L80
 1001               	.LSM118:
 1002 000e 8881      		ld r24,Y
 1003 0010 90E0      		ldi r25,lo8(0)
 1004 0012 2091 0000 		lds r18,USB_ControlRequest+4
 1005 0016 3091 0000 		lds r19,(USB_ControlRequest+4)+1
 1006 001a 2817      		cp r18,r24
 1007 001c 3907      		cpc r19,r25
 1008 001e 01F0      		breq .+2
 1009 0020 00C0      		rjmp .L80
 1010               	.LSM119:
 1011 0022 8091 0000 		lds r24,USB_ControlRequest+1
 1012 0026 8132      		cpi r24,lo8(33)
 1013 0028 01F0      		breq .L76
 1014 002a 8232      		cpi r24,lo8(34)
 1015 002c 00F4      		brsh .L79
 1016 002e 8032      		cpi r24,lo8(32)
 1017 0030 01F0      		breq .+2
 1018 0032 00C0      		rjmp .L80
 1019 0034 00C0      		rjmp .L81
 1020               	.L79:
 1021 0036 8232      		cpi r24,lo8(34)
 1022 0038 01F4      		brne .+2
 1023 003a 00C0      		rjmp .L77
 1024 003c 8332      		cpi r24,lo8(35)
 1025 003e 01F0      		breq .+2
 1026 0040 00C0      		rjmp .L80
 1027 0042 00C0      		rjmp .L82
 1028               	.L76:
 1029               	.LSM120:
 1030 0044 8091 0000 		lds r24,USB_ControlRequest
 1031 0048 813A      		cpi r24,lo8(-95)
 1032 004a 01F0      		breq .+2
 1033 004c 00C0      		rjmp .L80
 1034               	.LBB146:
 1035               	.LBB147:
 1036               	.LSM121:
 1037 004e 8091 E800 		lds r24,232
 1038 0052 877F      		andi r24,lo8(-9)
 1039 0054 8093 E800 		sts 232,r24
 1040               	.LBE147:
 1041               	.LBE146:
 1042               	.LSM122:
 1043 0058 8F85      		ldd r24,Y+15
 1044 005a 9889      		ldd r25,Y+16
 1045 005c A989      		ldd r26,Y+17
 1046 005e BA89      		ldd r27,Y+18
 1047               	.LBB148:
 1048               	.LBB149:
 1049               	.LSM123:
 1050 0060 8093 F100 		sts 241,r24
 1051               	.LSM124:
 1052 0064 292F      		mov r18,r25
 1053 0066 3A2F      		mov r19,r26
 1054 0068 4B2F      		mov r20,r27
 1055 006a 5527      		clr r21
 1056 006c 2093 F100 		sts 241,r18
 1057               	.LSM125:
 1058 0070 9D01      		movw r18,r26
 1059 0072 4427      		clr r20
 1060 0074 5527      		clr r21
 1061 0076 2093 F100 		sts 241,r18
 1062               	.LSM126:
 1063 007a 8B2F      		mov r24,r27
 1064 007c 9927      		clr r25
 1065 007e AA27      		clr r26
 1066 0080 BB27      		clr r27
 1067 0082 8093 F100 		sts 241,r24
 1068               	.LBE149:
 1069               	.LBE148:
 1070               	.LSM127:
 1071 0086 8B89      		ldd r24,Y+19
 1072               	.LBB150:
 1073               	.LBB151:
 1074               	.LSM128:
 1075 0088 8093 F100 		sts 241,r24
 1076               	.LBE151:
 1077               	.LBE150:
 1078               	.LSM129:
 1079 008c 8C89      		ldd r24,Y+20
 1080               	.LBB152:
 1081               	.LBB153:
 1082               	.LSM130:
 1083 008e 8093 F100 		sts 241,r24
 1084               	.LBE153:
 1085               	.LBE152:
 1086               	.LSM131:
 1087 0092 8D89      		ldd r24,Y+21
 1088               	.LBB154:
 1089               	.LBB155:
 1090               	.LSM132:
 1091 0094 8093 F100 		sts 241,r24
 1092               	.LBE155:
 1093               	.LBE154:
 1094               	.LBB156:
 1095               	.LBB157:
 1096               	.LSM133:
 1097 0098 8091 E800 		lds r24,232
 1098 009c 8E77      		andi r24,lo8(126)
 1099 009e 8093 E800 		sts 232,r24
 1100               	.LBE157:
 1101               	.LBE156:
 1102               	.LSM134:
 1103 00a2 0E94 0000 		call Endpoint_ClearStatusStage
 1104 00a6 00C0      		rjmp .L80
 1105               	.L81:
 1106               	.LSM135:
 1107 00a8 8091 0000 		lds r24,USB_ControlRequest
 1108 00ac 8132      		cpi r24,lo8(33)
 1109 00ae 01F0      		breq .+2
 1110 00b0 00C0      		rjmp .L80
 1111               	.LBB158:
 1112               	.LBB159:
 1113               	.LSM136:
 1114 00b2 8091 E800 		lds r24,232
 1115 00b6 877F      		andi r24,lo8(-9)
 1116 00b8 8093 E800 		sts 232,r24
 1117               	.LBE159:
 1118               	.LBE158:
 1119               	.LBB160:
 1120               	.LBB161:
 1121               	.LSM137:
 1122 00bc 8091 F100 		lds r24,241
 1123               	.LSM138:
 1124 00c0 9091 F100 		lds r25,241
 1125               	.LSM139:
 1126 00c4 2091 F100 		lds r18,241
 1127               	.LSM140:
 1128 00c8 3091 F100 		lds r19,241
 1129               	.LBE161:
 1130               	.LBE160:
 1131               	.LSM141:
 1132 00cc 8F87      		std Y+15,r24
 1133 00ce 988B      		std Y+16,r25
 1134 00d0 298B      		std Y+17,r18
 1135 00d2 3A8B      		std Y+18,r19
 1136               	.LBB162:
 1137               	.LBB163:
 1138               	.LSM142:
 1139 00d4 8091 F100 		lds r24,241
 1140               	.LBE163:
 1141               	.LBE162:
 1142               	.LSM143:
 1143 00d8 8B8B      		std Y+19,r24
 1144               	.LBB164:
 1145               	.LBB165:
 1146               	.LSM144:
 1147 00da 8091 F100 		lds r24,241
 1148               	.LBE165:
 1149               	.LBE164:
 1150               	.LSM145:
 1151 00de 8C8B      		std Y+20,r24
 1152               	.LBB166:
 1153               	.LBB167:
 1154               	.LSM146:
 1155 00e0 8091 F100 		lds r24,241
 1156               	.LBE167:
 1157               	.LBE166:
 1158               	.LSM147:
 1159 00e4 8D8B      		std Y+21,r24
 1160               	.LBB168:
 1161               	.LBB169:
 1162               	.LSM148:
 1163 00e6 8091 E800 		lds r24,232
 1164 00ea 8B77      		andi r24,lo8(123)
 1165 00ec 8093 E800 		sts 232,r24
 1166               	.LBE169:
 1167               	.LBE168:
 1168               	.LSM149:
 1169 00f0 0E94 0000 		call Endpoint_ClearStatusStage
 1170               	.LSM150:
 1171 00f4 CE01      		movw r24,r28
 1172 00f6 0E94 0000 		call EVENT_CDC_Device_LineEncodingChanged
 1173 00fa 00C0      		rjmp .L80
 1174               	.L77:
 1175               	.LSM151:
 1176 00fc 8091 0000 		lds r24,USB_ControlRequest
 1177 0100 8132      		cpi r24,lo8(33)
 1178 0102 01F4      		brne .L80
 1179               	.LBB170:
 1180               	.LBB171:
 1181               	.LSM152:
 1182 0104 8091 E800 		lds r24,232
 1183 0108 877F      		andi r24,lo8(-9)
 1184 010a 8093 E800 		sts 232,r24
 1185               	.LBE171:
 1186               	.LBE170:
 1187               	.LSM153:
 1188 010e 0E94 0000 		call Endpoint_ClearStatusStage
 1189               	.LSM154:
 1190 0112 8091 0000 		lds r24,USB_ControlRequest+2
 1191 0116 8D87      		std Y+13,r24
 1192               	.LSM155:
 1193 0118 CE01      		movw r24,r28
 1194 011a 0E94 0000 		call EVENT_CDC_Device_ControLineStateChanged
 1195 011e 00C0      		rjmp .L80
 1196               	.L82:
 1197               	.LSM156:
 1198 0120 8091 0000 		lds r24,USB_ControlRequest
 1199 0124 8132      		cpi r24,lo8(33)
 1200 0126 01F4      		brne .L80
 1201               	.LBB172:
 1202               	.LBB173:
 1203               	.LSM157:
 1204 0128 8091 E800 		lds r24,232
 1205 012c 877F      		andi r24,lo8(-9)
 1206 012e 8093 E800 		sts 232,r24
 1207               	.LBE173:
 1208               	.LBE172:
 1209               	.LSM158:
 1210 0132 0E94 0000 		call Endpoint_ClearStatusStage
 1211               	.LSM159:
 1212 0136 CE01      		movw r24,r28
 1213 0138 6091 0000 		lds r22,USB_ControlRequest+2
 1214 013c 0E94 0000 		call EVENT_CDC_Device_BreakSent
 1215               	.L80:
 1216               	/* epilogue start */
 1217               	.LSM160:
 1218 0140 DF91      		pop r29
 1219 0142 CF91      		pop r28
 1220               	.LVL94:
 1221 0144 0895      		ret
 1222               	.LFE96:
 1224               		.data
 1227               	C.11.4008:
 1228 0000 A1        		.byte	-95
 1229 0001 20        		.byte	32
 1230 0002 0000      		.word	0
 1231 0004 0000      		.word	0
 1232 0006 0100      		.word	1
 1233               		.weak	EVENT_CDC_Device_LineEncodingChanged
 1234               		.set	EVENT_CDC_Device_LineEncodingChanged,CDC_Device_Event_Stub
 1235               		.weak	EVENT_CDC_Device_ControLineStateChanged
 1236               		.set	EVENT_CDC_Device_ControLineStateChanged,CDC_Device_Event_Stub
 1237               		.weak	EVENT_CDC_Device_BreakSent
 1238               		.set	EVENT_CDC_Device_BreakSent,CDC_Device_Event_Stub
 1383               	.Letext0:
DEFINED SYMBOLS
                            *ABS*:00000000 CDC.c
/var/folders/ml/6pvjwk4n6698h5qhg_5pqkt80000gn/T//ccaJjhAJ.s:2      *ABS*:0000003f __SREG__
/var/folders/ml/6pvjwk4n6698h5qhg_5pqkt80000gn/T//ccaJjhAJ.s:3      *ABS*:0000003e __SP_H__
/var/folders/ml/6pvjwk4n6698h5qhg_5pqkt80000gn/T//ccaJjhAJ.s:4      *ABS*:0000003d __SP_L__
/var/folders/ml/6pvjwk4n6698h5qhg_5pqkt80000gn/T//ccaJjhAJ.s:5      *ABS*:00000034 __CCP__
/var/folders/ml/6pvjwk4n6698h5qhg_5pqkt80000gn/T//ccaJjhAJ.s:6      *ABS*:00000000 __tmp_reg__
/var/folders/ml/6pvjwk4n6698h5qhg_5pqkt80000gn/T//ccaJjhAJ.s:7      *ABS*:00000001 __zero_reg__
/var/folders/ml/6pvjwk4n6698h5qhg_5pqkt80000gn/T//ccaJjhAJ.s:19     .text.CDC_Device_BytesReceived:00000000 CDC_Device_BytesReceived
/var/folders/ml/6pvjwk4n6698h5qhg_5pqkt80000gn/T//ccaJjhAJ.s:109    .text.CDC_Device_ReceiveByte:00000000 CDC_Device_ReceiveByte
/var/folders/ml/6pvjwk4n6698h5qhg_5pqkt80000gn/T//ccaJjhAJ.s:220    .text.CDC_Device_CreateStream:00000000 CDC_Device_CreateStream
/var/folders/ml/6pvjwk4n6698h5qhg_5pqkt80000gn/T//ccaJjhAJ.s:737    .text.CDC_Device_putchar:00000000 CDC_Device_putchar
/var/folders/ml/6pvjwk4n6698h5qhg_5pqkt80000gn/T//ccaJjhAJ.s:287    .text.CDC_Device_getchar:00000000 CDC_Device_getchar
/var/folders/ml/6pvjwk4n6698h5qhg_5pqkt80000gn/T//ccaJjhAJ.s:254    .text.CDC_Device_CreateBlockingStream:00000000 CDC_Device_CreateBlockingStream
/var/folders/ml/6pvjwk4n6698h5qhg_5pqkt80000gn/T//ccaJjhAJ.s:603    .text.CDC_Device_getchar_Blocking:00000000 CDC_Device_getchar_Blocking
/var/folders/ml/6pvjwk4n6698h5qhg_5pqkt80000gn/T//ccaJjhAJ.s:319    .text.CDC_Device_Event_Stub:00000000 CDC_Device_Event_Stub
/var/folders/ml/6pvjwk4n6698h5qhg_5pqkt80000gn/T//ccaJjhAJ.s:332    .text.CDC_Device_SendControlLineStateChange:00000000 CDC_Device_SendControlLineStateChange
/var/folders/ml/6pvjwk4n6698h5qhg_5pqkt80000gn/T//ccaJjhAJ.s:1227   .data:00000000 C.11.4008
/var/folders/ml/6pvjwk4n6698h5qhg_5pqkt80000gn/T//ccaJjhAJ.s:428    .text.CDC_Device_SendData:00000000 CDC_Device_SendData
/var/folders/ml/6pvjwk4n6698h5qhg_5pqkt80000gn/T//ccaJjhAJ.s:476    .text.CDC_Device_Flush:00000000 CDC_Device_Flush
/var/folders/ml/6pvjwk4n6698h5qhg_5pqkt80000gn/T//ccaJjhAJ.s:573    .text.CDC_Device_USBTask:00000000 CDC_Device_USBTask
/var/folders/ml/6pvjwk4n6698h5qhg_5pqkt80000gn/T//ccaJjhAJ.s:655    .text.CDC_Device_SendByte:00000000 CDC_Device_SendByte
/var/folders/ml/6pvjwk4n6698h5qhg_5pqkt80000gn/T//ccaJjhAJ.s:771    .text.CDC_Device_SendString:00000000 CDC_Device_SendString
/var/folders/ml/6pvjwk4n6698h5qhg_5pqkt80000gn/T//ccaJjhAJ.s:825    .text.CDC_Device_ConfigureEndpoints:00000000 CDC_Device_ConfigureEndpoints
/var/folders/ml/6pvjwk4n6698h5qhg_5pqkt80000gn/T//ccaJjhAJ.s:982    .text.CDC_Device_ProcessControlRequest:00000000 CDC_Device_ProcessControlRequest
/var/folders/ml/6pvjwk4n6698h5qhg_5pqkt80000gn/T//ccaJjhAJ.s:319    .text.CDC_Device_Event_Stub:00000000 EVENT_CDC_Device_LineEncodingChanged
/var/folders/ml/6pvjwk4n6698h5qhg_5pqkt80000gn/T//ccaJjhAJ.s:319    .text.CDC_Device_Event_Stub:00000000 EVENT_CDC_Device_ControLineStateChanged
/var/folders/ml/6pvjwk4n6698h5qhg_5pqkt80000gn/T//ccaJjhAJ.s:319    .text.CDC_Device_Event_Stub:00000000 EVENT_CDC_Device_BreakSent

UNDEFINED SYMBOLS
Endpoint_Write_Stream_LE
Endpoint_WaitUntilReady
USB_USBTask
Endpoint_ConfigureEndpoint_Prv
USB_ControlRequest
Endpoint_ClearStatusStage
__do_copy_data
