   1               		.file	"RNDIS.c"
   2               	__SREG__ = 0x3f
   3               	__SP_H__ = 0x3e
   4               	__SP_L__ = 0x3d
   5               	__CCP__  = 0x34
   6               	__tmp_reg__ = 0
   7               	__zero_reg__ = 1
  15               	.Ltext0:
  16               		.section	.text.RNDIS_Device_IsPacketReceived,"ax",@progbits
  17               	.global	RNDIS_Device_IsPacketReceived
  19               	RNDIS_Device_IsPacketReceived:
  20               	.LFB102:
  21               	.LSM0:
  22               	.LVL0:
  23               	/* prologue: function */
  24               	/* frame size = 0 */
  25 0000 FC01      		movw r30,r24
  26               	.LSM1:
  27 0002 8EB3      		in r24,62-32
  28               	.LVL1:
  29 0004 8430      		cpi r24,lo8(4)
  30 0006 01F4      		brne .L2
  31 0008 EA56      		subi r30,lo8(-(150))
  32 000a FF4F      		sbci r31,hi8(-(150))
  33 000c 8081      		ld r24,Z
  34 000e E659      		subi r30,lo8(-(-150))
  35 0010 F040      		sbci r31,hi8(-(-150))
  36 0012 8230      		cpi r24,lo8(2)
  37 0014 01F4      		brne .L2
  38               	.LSM2:
  39 0016 8581      		ldd r24,Z+5
  40               	.LBB44:
  41               	.LBB45:
  42               	.LSM3:
  43 0018 8093 E900 		sts 233,r24
  44               	.LBE45:
  45               	.LBE44:
  46               	.LBB46:
  47               	.LBB47:
  48               	.LSM4:
  49 001c 8091 E800 		lds r24,232
  50 0020 90E0      		ldi r25,lo8(0)
  51 0022 9695      		lsr r25
  52 0024 8795      		ror r24
  53 0026 9695      		lsr r25
  54 0028 8795      		ror r24
  55 002a 8170      		andi r24,lo8(1)
  56 002c 0895      		ret
  57               	.L2:
  58               	.LSM5:
  59 002e 80E0      		ldi r24,lo8(0)
  60               	.LBE47:
  61               	.LBE46:
  62               	.LSM6:
  63 0030 0895      		ret
  64               	.LFE102:
  66               		.section	.text.RNDIS_Device_SendPacket,"ax",@progbits
  67               	.global	RNDIS_Device_SendPacket
  69               	RNDIS_Device_SendPacket:
  70               	.LFB104:
  71               	.LSM7:
  72               	.LVL2:
  73 0000 CF92      		push r12
  74 0002 DF92      		push r13
  75 0004 FF92      		push r15
  76 0006 0F93      		push r16
  77 0008 1F93      		push r17
  78 000a DF93      		push r29
  79 000c CF93      		push r28
  80 000e CDB7      		in r28,__SP_L__
  81 0010 DEB7      		in r29,__SP_H__
  82 0012 AC97      		sbiw r28,44
  83 0014 0FB6      		in __tmp_reg__,__SREG__
  84 0016 F894      		cli
  85 0018 DEBF      		out __SP_H__,r29
  86 001a 0FBE      		out __SREG__,__tmp_reg__
  87 001c CDBF      		out __SP_L__,r28
  88               	/* prologue: function */
  89               	/* frame size = 44 */
  90 001e FC01      		movw r30,r24
  91 0020 6B01      		movw r12,r22
  92 0022 8A01      		movw r16,r20
  93               	.LSM8:
  94 0024 8EB3      		in r24,62-32
  95               	.LVL3:
  96 0026 8430      		cpi r24,lo8(4)
  97 0028 01F0      		breq .+2
  98 002a 00C0      		rjmp .L6
  99               	.LVL4:
 100 002c EA56      		subi r30,lo8(-(150))
 101 002e FF4F      		sbci r31,hi8(-(150))
 102 0030 8081      		ld r24,Z
 103 0032 E659      		subi r30,lo8(-(-150))
 104 0034 F040      		sbci r31,hi8(-(-150))
 105 0036 8230      		cpi r24,lo8(2)
 106 0038 01F0      		breq .+2
 107 003a 00C0      		rjmp .L6
 108               	.LSM9:
 109 003c 8181      		ldd r24,Z+1
 110               	.LBB48:
 111               	.LBB49:
 112               	.LSM10:
 113 003e 8093 E900 		sts 233,r24
 114               	.LBE49:
 115               	.LBE48:
 116               	.LSM11:
 117 0042 0E94 0000 		call Endpoint_WaitUntilReady
 118               	.LVL5:
 119 0046 F82E      		mov r15,r24
 120               	.LVL6:
 121 0048 8823      		tst r24
 122 004a 01F4      		brne .L7
 123               	.LVL7:
 124               	.LSM12:
 125 004c FE01      		movw r30,r28
 126 004e 3196      		adiw r30,1
 127 0050 8CE2      		ldi r24,lo8(44)
 128               	.LVL8:
 129 0052 DF01      		movw r26,r30
 130 0054 1D92      		st X+,__zero_reg__
 131 0056 8A95      	        dec r24
 132 0058 01F4      		brne .-6
 133               	.LSM13:
 134 005a 81E0      		ldi r24,lo8(1)
 135 005c 90E0      		ldi r25,hi8(1)
 136 005e A0E0      		ldi r26,hlo8(1)
 137 0060 B0E0      		ldi r27,hhi8(1)
 138 0062 8983      		std Y+1,r24
 139 0064 9A83      		std Y+2,r25
 140 0066 AB83      		std Y+3,r26
 141 0068 BC83      		std Y+4,r27
 142               	.LSM14:
 143 006a 045D      		subi r16,lo8(-(44))
 144 006c 1F4F      		sbci r17,hi8(-(44))
 145 006e C801      		movw r24,r16
 146 0070 A0E0      		ldi r26,lo8(0)
 147 0072 B0E0      		ldi r27,hi8(0)
 148 0074 0C52      		subi r16,lo8(-(-44))
 149 0076 1040      		sbci r17,hi8(-(-44))
 150 0078 8D83      		std Y+5,r24
 151 007a 9E83      		std Y+6,r25
 152 007c AF83      		std Y+7,r26
 153 007e B887      		std Y+8,r27
 154               	.LSM15:
 155 0080 84E2      		ldi r24,lo8(36)
 156 0082 90E0      		ldi r25,hi8(36)
 157 0084 A0E0      		ldi r26,hlo8(36)
 158 0086 B0E0      		ldi r27,hhi8(36)
 159 0088 8987      		std Y+9,r24
 160 008a 9A87      		std Y+10,r25
 161 008c AB87      		std Y+11,r26
 162 008e BC87      		std Y+12,r27
 163               	.LSM16:
 164 0090 C801      		movw r24,r16
 165 0092 A0E0      		ldi r26,lo8(0)
 166 0094 B0E0      		ldi r27,hi8(0)
 167               	.LVL9:
 168 0096 8D87      		std Y+13,r24
 169 0098 9E87      		std Y+14,r25
 170 009a AF87      		std Y+15,r26
 171 009c B88B      		std Y+16,r27
 172               	.LSM17:
 173 009e CF01      		movw r24,r30
 174 00a0 6CE2      		ldi r22,lo8(44)
 175 00a2 70E0      		ldi r23,hi8(44)
 176 00a4 40E0      		ldi r20,lo8(0)
 177 00a6 50E0      		ldi r21,hi8(0)
 178 00a8 0E94 0000 		call Endpoint_Write_Stream_LE
 179               	.LVL10:
 180               	.LSM18:
 181 00ac C601      		movw r24,r12
 182 00ae B801      		movw r22,r16
 183 00b0 40E0      		ldi r20,lo8(0)
 184 00b2 50E0      		ldi r21,hi8(0)
 185 00b4 0E94 0000 		call Endpoint_Write_Stream_LE
 186               	.LBB50:
 187               	.LBB51:
 188               	.LSM19:
 189 00b8 8091 E800 		lds r24,232
 190 00bc 8E77      		andi r24,lo8(126)
 191 00be 8093 E800 		sts 232,r24
 192 00c2 00C0      		rjmp .L7
 193               	.LVL11:
 194               	.L6:
 195               	.LSM20:
 196 00c4 32E0      		ldi r19,lo8(2)
 197 00c6 F32E      		mov r15,r19
 198               	.LVL12:
 199               	.L7:
 200               	.LBE51:
 201               	.LBE50:
 202               	.LSM21:
 203 00c8 8F2D      		mov r24,r15
 204               	/* epilogue start */
 205 00ca AC96      		adiw r28,44
 206 00cc 0FB6      		in __tmp_reg__,__SREG__
 207 00ce F894      		cli
 208 00d0 DEBF      		out __SP_H__,r29
 209 00d2 0FBE      		out __SREG__,__tmp_reg__
 210 00d4 CDBF      		out __SP_L__,r28
 211 00d6 CF91      		pop r28
 212 00d8 DF91      		pop r29
 213 00da 1F91      		pop r17
 214 00dc 0F91      		pop r16
 215               	.LVL13:
 216 00de FF90      		pop r15
 217               	.LVL14:
 218 00e0 DF90      		pop r13
 219 00e2 CF90      		pop r12
 220               	.LVL15:
 221 00e4 0895      		ret
 222               	.LFE104:
 224               		.section	.text.RNDIS_Device_USBTask,"ax",@progbits
 225               	.global	RNDIS_Device_USBTask
 227               	RNDIS_Device_USBTask:
 228               	.LFB98:
 229               	.LSM22:
 230               	.LVL16:
 231 0000 0F93      		push r16
 232 0002 1F93      		push r17
 233 0004 DF93      		push r29
 234 0006 CF93      		push r28
 235 0008 CDB7      		in r28,__SP_L__
 236 000a DEB7      		in r29,__SP_H__
 237 000c 2897      		sbiw r28,8
 238 000e 0FB6      		in __tmp_reg__,__SREG__
 239 0010 F894      		cli
 240 0012 DEBF      		out __SP_H__,r29
 241 0014 0FBE      		out __SREG__,__tmp_reg__
 242 0016 CDBF      		out __SP_L__,r28
 243               	/* prologue: function */
 244               	/* frame size = 8 */
 245 0018 8C01      		movw r16,r24
 246               	.LSM23:
 247 001a 8EB3      		in r24,62-32
 248               	.LVL17:
 249 001c 8430      		cpi r24,lo8(4)
 250 001e 01F4      		brne .L12
 251               	.LSM24:
 252 0020 F801      		movw r30,r16
 253 0022 8185      		ldd r24,Z+9
 254               	.LBB52:
 255               	.LBB53:
 256               	.LSM25:
 257 0024 8093 E900 		sts 233,r24
 258               	.LBE53:
 259               	.LBE52:
 260               	.LBB54:
 261               	.LBB55:
 262               	.LSM26:
 263 0028 8091 E800 		lds r24,232
 264               	.LBE55:
 265               	.LBE54:
 266               	.LSM27:
 267 002c 80FF      		sbrs r24,0
 268 002e 00C0      		rjmp .L12
 269 0030 0B56      		subi r16,lo8(-(149))
 270 0032 1F4F      		sbci r17,hi8(-(149))
 271 0034 F801      		movw r30,r16
 272 0036 8081      		ld r24,Z
 273 0038 0559      		subi r16,lo8(-(-149))
 274 003a 1040      		sbci r17,hi8(-(-149))
 275 003c 8823      		tst r24
 276 003e 01F0      		breq .L12
 277               	.LBB56:
 278               	.LSM28:
 279 0040 DE01      		movw r26,r28
 280 0042 1196      		adiw r26,1
 281 0044 E0E0      		ldi r30,lo8(C.9.3905)
 282 0046 F0E0      		ldi r31,hi8(C.9.3905)
 283 0048 88E0      		ldi r24,lo8(8)
 284               	.L11:
 285 004a 0190      		ld r0,Z+
 286 004c 0D92      		st X+,r0
 287 004e 8150      		subi r24,lo8(-(-1))
 288 0050 01F4      		brne .L11
 289               	.LSM29:
 290 0052 CE01      		movw r24,r28
 291 0054 0196      		adiw r24,1
 292 0056 68E0      		ldi r22,lo8(8)
 293 0058 70E0      		ldi r23,hi8(8)
 294 005a 40E0      		ldi r20,lo8(0)
 295 005c 50E0      		ldi r21,hi8(0)
 296 005e 0E94 0000 		call Endpoint_Write_Stream_LE
 297               	.LBB57:
 298               	.LBB58:
 299               	.LSM30:
 300 0062 8091 E800 		lds r24,232
 301 0066 8E77      		andi r24,lo8(126)
 302 0068 8093 E800 		sts 232,r24
 303               	.LBE58:
 304               	.LBE57:
 305               	.LSM31:
 306 006c 0B56      		subi r16,lo8(-(149))
 307 006e 1F4F      		sbci r17,hi8(-(149))
 308 0070 F801      		movw r30,r16
 309 0072 1082      		st Z,__zero_reg__
 310               	.L12:
 311               	/* epilogue start */
 312               	.LBE56:
 313               	.LSM32:
 314 0074 2896      		adiw r28,8
 315 0076 0FB6      		in __tmp_reg__,__SREG__
 316 0078 F894      		cli
 317 007a DEBF      		out __SP_H__,r29
 318 007c 0FBE      		out __SREG__,__tmp_reg__
 319 007e CDBF      		out __SP_L__,r28
 320 0080 CF91      		pop r28
 321 0082 DF91      		pop r29
 322 0084 1F91      		pop r17
 323 0086 0F91      		pop r16
 324               	.LVL18:
 325 0088 0895      		ret
 326               	.LFE98:
 328               		.section	.text.RNDIS_Device_ReadPacket,"ax",@progbits
 329               	.global	RNDIS_Device_ReadPacket
 331               	RNDIS_Device_ReadPacket:
 332               	.LFB103:
 333               	.LSM33:
 334               	.LVL19:
 335 0000 EF92      		push r14
 336 0002 FF92      		push r15
 337 0004 0F93      		push r16
 338 0006 1F93      		push r17
 339 0008 DF93      		push r29
 340 000a CF93      		push r28
 341 000c CDB7      		in r28,__SP_L__
 342 000e DEB7      		in r29,__SP_H__
 343 0010 AC97      		sbiw r28,44
 344 0012 0FB6      		in __tmp_reg__,__SREG__
 345 0014 F894      		cli
 346 0016 DEBF      		out __SP_H__,r29
 347 0018 0FBE      		out __SREG__,__tmp_reg__
 348 001a CDBF      		out __SP_L__,r28
 349               	/* prologue: function */
 350               	/* frame size = 44 */
 351 001c FC01      		movw r30,r24
 352 001e 7B01      		movw r14,r22
 353 0020 8A01      		movw r16,r20
 354               	.LSM34:
 355 0022 8EB3      		in r24,62-32
 356               	.LVL20:
 357 0024 8430      		cpi r24,lo8(4)
 358 0026 01F4      		brne .L15
 359               	.LVL21:
 360 0028 EA56      		subi r30,lo8(-(150))
 361 002a FF4F      		sbci r31,hi8(-(150))
 362 002c 8081      		ld r24,Z
 363 002e E659      		subi r30,lo8(-(-150))
 364 0030 F040      		sbci r31,hi8(-(-150))
 365 0032 8230      		cpi r24,lo8(2)
 366 0034 01F4      		brne .L15
 367               	.LSM35:
 368 0036 8581      		ldd r24,Z+5
 369               	.LBB59:
 370               	.LBB60:
 371               	.LSM36:
 372 0038 8093 E900 		sts 233,r24
 373               	.LBE60:
 374               	.LBE59:
 375               	.LSM37:
 376 003c FA01      		movw r30,r20
 377               	.LVL22:
 378 003e 1182      		std Z+1,__zero_reg__
 379 0040 1082      		st Z,__zero_reg__
 380               	.LBB61:
 381               	.LBB62:
 382               	.LSM38:
 383 0042 8091 E800 		lds r24,232
 384               	.LBE62:
 385               	.LBE61:
 386               	.LSM39:
 387 0046 82FF      		sbrs r24,2
 388 0048 00C0      		rjmp .L20
 389               	.LVL23:
 390               	.L16:
 391               	.LSM40:
 392 004a CE01      		movw r24,r28
 393 004c 0196      		adiw r24,1
 394 004e 6CE2      		ldi r22,lo8(44)
 395 0050 70E0      		ldi r23,hi8(44)
 396 0052 40E0      		ldi r20,lo8(0)
 397 0054 50E0      		ldi r21,hi8(0)
 398               	.LVL24:
 399 0056 0E94 0000 		call Endpoint_Read_Stream_LE
 400               	.LSM41:
 401 005a 2D85      		ldd r18,Y+13
 402 005c 3E85      		ldd r19,Y+14
 403 005e 4F85      		ldd r20,Y+15
 404 0060 5889      		ldd r21,Y+16
 405 0062 2D3D      		cpi r18,lo8(1501)
 406 0064 F5E0      		ldi r31,hi8(1501)
 407 0066 3F07      		cpc r19,r31
 408 0068 F0E0      		ldi r31,hlo8(1501)
 409 006a 4F07      		cpc r20,r31
 410 006c F0E0      		ldi r31,hhi8(1501)
 411 006e 5F07      		cpc r21,r31
 412 0070 00F0      		brlo .L18
 413               	.LBB63:
 414               	.LBB64:
 415               	.LSM42:
 416 0072 8091 EB00 		lds r24,235
 417 0076 8062      		ori r24,lo8(32)
 418 0078 8093 EB00 		sts 235,r24
 419 007c 80E8      		ldi r24,lo8(-128)
 420 007e 00C0      		rjmp .L17
 421               	.L18:
 422               	.LBE64:
 423               	.LBE63:
 424               	.LSM43:
 425 0080 F801      		movw r30,r16
 426 0082 3183      		std Z+1,r19
 427 0084 2083      		st Z,r18
 428               	.LSM44:
 429 0086 C701      		movw r24,r14
 430 0088 B901      		movw r22,r18
 431 008a 40E0      		ldi r20,lo8(0)
 432 008c 50E0      		ldi r21,hi8(0)
 433 008e 0E94 0000 		call Endpoint_Read_Stream_LE
 434               	.LBB65:
 435               	.LBB66:
 436               	.LSM45:
 437 0092 8091 E800 		lds r24,232
 438 0096 8B77      		andi r24,lo8(123)
 439 0098 8093 E800 		sts 232,r24
 440               	.LVL25:
 441               	.L20:
 442 009c 80E0      		ldi r24,lo8(0)
 443 009e 00C0      		rjmp .L17
 444               	.LVL26:
 445               	.L15:
 446               	.LSM46:
 447 00a0 82E0      		ldi r24,lo8(2)
 448               	.L17:
 449               	/* epilogue start */
 450               	.LBE66:
 451               	.LBE65:
 452               	.LSM47:
 453 00a2 AC96      		adiw r28,44
 454 00a4 0FB6      		in __tmp_reg__,__SREG__
 455 00a6 F894      		cli
 456 00a8 DEBF      		out __SP_H__,r29
 457 00aa 0FBE      		out __SREG__,__tmp_reg__
 458 00ac CDBF      		out __SP_L__,r28
 459 00ae CF91      		pop r28
 460 00b0 DF91      		pop r29
 461 00b2 1F91      		pop r17
 462 00b4 0F91      		pop r16
 463               	.LVL27:
 464 00b6 FF90      		pop r15
 465 00b8 EF90      		pop r14
 466               	.LVL28:
 467 00ba 0895      		ret
 468               	.LFE103:
 470               		.section	.text.RNDIS_Device_ConfigureEndpoints,"ax",@progbits
 471               	.global	RNDIS_Device_ConfigureEndpoints
 473               	RNDIS_Device_ConfigureEndpoints:
 474               	.LFB97:
 475               	.LSM48:
 476               	.LVL29:
 477 0000 1F93      		push r17
 478 0002 CF93      		push r28
 479 0004 DF93      		push r29
 480               	/* prologue: function */
 481               	/* frame size = 0 */
 482 0006 EC01      		movw r28,r24
 483               	.LSM49:
 484 0008 4596      		adiw r24,21
 485               	.LVL30:
 486 000a FC01      		movw r30,r24
 487 000c 86E8      		ldi r24,lo8(-122)
 488 000e DF01      		movw r26,r30
 489 0010 1D92      		st X+,__zero_reg__
 490 0012 8A95      	        dec r24
 491 0014 01F4      		brne .-6
 492 0016 11E0      		ldi r17,lo8(1)
 493               	.LVL31:
 494               	.L32:
 495               	.LBB67:
 496               	.LBB68:
 497               	.LSM50:
 498 0018 8981      		ldd r24,Y+1
 499 001a 1817      		cp r17,r24
 500 001c 01F4      		brne .L22
 501               	.LSM51:
 502 001e 6A81      		ldd r22,Y+2
 503 0020 7B81      		ldd r23,Y+3
 504               	.LVL32:
 505               	.LSM52:
 506 0022 8C81      		ldd r24,Y+4
 507               	.LVL33:
 508 0024 52E0      		ldi r21,lo8(2)
 509               	.LVL34:
 510 0026 00C0      		rjmp .L35
 511               	.LVL35:
 512               	.L22:
 513               	.LSM53:
 514 0028 8D81      		ldd r24,Y+5
 515 002a 1817      		cp r17,r24
 516 002c 01F4      		brne .L24
 517               	.LSM54:
 518 002e 6E81      		ldd r22,Y+6
 519 0030 7F81      		ldd r23,Y+7
 520               	.LVL36:
 521               	.LSM55:
 522 0032 8885      		ldd r24,Y+8
 523               	.LVL37:
 524 0034 52E0      		ldi r21,lo8(2)
 525               	.LVL38:
 526 0036 30E0      		ldi r19,lo8(0)
 527               	.LVL39:
 528 0038 00C0      		rjmp .L23
 529               	.LVL40:
 530               	.L24:
 531               	.LSM56:
 532 003a 8985      		ldd r24,Y+9
 533 003c 1817      		cp r17,r24
 534 003e 01F4      		brne .L25
 535               	.LSM57:
 536 0040 6A85      		ldd r22,Y+10
 537 0042 7B85      		ldd r23,Y+11
 538               	.LVL41:
 539               	.LSM58:
 540 0044 8C85      		ldd r24,Y+12
 541               	.LVL42:
 542 0046 53E0      		ldi r21,lo8(3)
 543               	.LVL43:
 544               	.L35:
 545 0048 30E8      		ldi r19,lo8(-128)
 546               	.LVL44:
 547               	.L23:
 548               	.LSM59:
 549 004a 8823      		tst r24
 550 004c 01F4      		brne .L26
 551 004e 40E0      		ldi r20,lo8(0)
 552 0050 00C0      		rjmp .L27
 553               	.L26:
 554 0052 44E0      		ldi r20,lo8(4)
 555               	.L27:
 556 0054 20E0      		ldi r18,lo8(0)
 557               	.LVL45:
 558 0056 88E0      		ldi r24,lo8(8)
 559 0058 90E0      		ldi r25,hi8(8)
 560               	.LVL46:
 561 005a 00C0      		rjmp .L28
 562               	.L29:
 563               	.LBB69:
 564               	.LBB70:
 565               	.LBB71:
 566               	.LBB72:
 567               	.LSM60:
 568 005c 2F5F      		subi r18,lo8(-(1))
 569               	.LSM61:
 570 005e 880F      		lsl r24
 571 0060 991F      		rol r25
 572               	.L28:
 573               	.LSM62:
 574 0062 8617      		cp r24,r22
 575 0064 9707      		cpc r25,r23
 576 0066 00F0      		brlo .L29
 577               	.LBE72:
 578               	.LBE71:
 579               	.LBE70:
 580               	.LSM63:
 581 0068 852F      		mov r24,r21
 582               	.LVL47:
 583 006a 90E0      		ldi r25,lo8(0)
 584 006c 56E0      		ldi r21,6
 585 006e 880F      	1:	lsl r24
 586 0070 991F      		rol r25
 587 0072 5A95      		dec r21
 588 0074 01F4      		brne 1b
 589               	.LVL48:
 590 0076 60E0      		ldi r22,lo8(0)
 591               	.LVL49:
 592 0078 3111      		cpse r19,__zero_reg__
 593 007a 61E0      		ldi r22,lo8(1)
 594               	.L30:
 595 007c 682B      		or r22,r24
 596 007e 4260      		ori r20,lo8(2)
 597 0080 2295      		swap r18
 598 0082 207F      		andi r18,lo8(-16)
 599 0084 422B      		or r20,r18
 600 0086 812F      		mov r24,r17
 601 0088 0E94 0000 		call Endpoint_ConfigureEndpoint_Prv
 602               	.LVL50:
 603               	.LBE69:
 604               	.LSM64:
 605 008c 8823      		tst r24
 606 008e 01F0      		breq .L31
 607               	.L25:
 608               	.LBE68:
 609               	.LSM65:
 610 0090 1F5F      		subi r17,lo8(-(1))
 611 0092 1730      		cpi r17,lo8(7)
 612 0094 01F0      		breq .+2
 613 0096 00C0      		rjmp .L32
 614 0098 81E0      		ldi r24,lo8(1)
 615               	.L31:
 616               	/* epilogue start */
 617               	.LBE67:
 618               	.LSM66:
 619 009a DF91      		pop r29
 620 009c CF91      		pop r28
 621               	.LVL51:
 622 009e 1F91      		pop r17
 623               	.LVL52:
 624 00a0 0895      		ret
 625               	.LFE97:
 627               		.section	.text.RNDIS_Device_ProcessControlRequest,"ax",@progbits
 628               	.global	RNDIS_Device_ProcessControlRequest
 630               	RNDIS_Device_ProcessControlRequest:
 631               	.LFB96:
 632               	.LSM67:
 633               	.LVL53:
 634 0000 EF92      		push r14
 635 0002 FF92      		push r15
 636 0004 0F93      		push r16
 637 0006 1F93      		push r17
 638 0008 CF93      		push r28
 639 000a DF93      		push r29
 640               	/* prologue: function */
 641               	/* frame size = 0 */
 642 000c EC01      		movw r28,r24
 643               	.LBB91:
 644               	.LBB92:
 645               	.LSM68:
 646 000e 8091 E800 		lds r24,232
 647               	.LVL54:
 648               	.LBE92:
 649               	.LBE91:
 650               	.LSM69:
 651 0012 83FF      		sbrs r24,3
 652 0014 00C0      		rjmp .L76
 653               	.LSM70:
 654 0016 8881      		ld r24,Y
 655 0018 90E0      		ldi r25,lo8(0)
 656 001a 2091 0000 		lds r18,USB_ControlRequest+4
 657 001e 3091 0000 		lds r19,(USB_ControlRequest+4)+1
 658 0022 2817      		cp r18,r24
 659 0024 3907      		cpc r19,r25
 660 0026 01F0      		breq .+2
 661 0028 00C0      		rjmp .L76
 662               	.LSM71:
 663 002a 8091 0000 		lds r24,USB_ControlRequest+1
 664 002e 8823      		tst r24
 665 0030 01F0      		breq .L38
 666 0032 8130      		cpi r24,lo8(1)
 667 0034 01F0      		breq .+2
 668 0036 00C0      		rjmp .L76
 669 0038 00C0      		rjmp .L84
 670               	.L38:
 671               	.LSM72:
 672 003a 8091 0000 		lds r24,USB_ControlRequest
 673 003e 8132      		cpi r24,lo8(33)
 674 0040 01F0      		breq .+2
 675 0042 00C0      		rjmp .L76
 676               	.LBB93:
 677               	.LBB94:
 678               	.LSM73:
 679 0044 8091 E800 		lds r24,232
 680 0048 877F      		andi r24,lo8(-9)
 681 004a 8093 E800 		sts 232,r24
 682               	.LBE94:
 683               	.LBE93:
 684               	.LSM74:
 685 004e 8E01      		movw r16,r28
 686 0050 0B5E      		subi r16,lo8(-(21))
 687 0052 1F4F      		sbci r17,hi8(-(21))
 688 0054 6091 0000 		lds r22,USB_ControlRequest+6
 689 0058 7091 0000 		lds r23,(USB_ControlRequest+6)+1
 690 005c C801      		movw r24,r16
 691 005e 0E94 0000 		call Endpoint_Read_Control_Stream_LE
 692               	.LBB95:
 693               	.LBB96:
 694               	.LSM75:
 695 0062 8091 E800 		lds r24,232
 696 0066 8E77      		andi r24,lo8(126)
 697 0068 8093 E800 		sts 232,r24
 698               	.LBE96:
 699               	.LBE95:
 700               	.LBB97:
 701               	.LBB98:
 702               	.LSM76:
 703 006c 8D89      		ldd r24,Y+21
 704 006e 9E89      		ldd r25,Y+22
 705 0070 AF89      		ldd r26,Y+23
 706 0072 B88D      		ldd r27,Y+24
 707 0074 8430      		cpi r24,lo8(4)
 708 0076 9105      		cpc r25,__zero_reg__
 709 0078 A105      		cpc r26,__zero_reg__
 710 007a B105      		cpc r27,__zero_reg__
 711 007c 01F4      		brne .+2
 712 007e 00C0      		rjmp .L42
 713 0080 8530      		cpi r24,lo8(5)
 714 0082 9105      		cpc r25,__zero_reg__
 715 0084 A105      		cpc r26,__zero_reg__
 716 0086 B105      		cpc r27,__zero_reg__
 717 0088 00F4      		brsh .L46
 718 008a 8230      		cpi r24,lo8(2)
 719 008c 9105      		cpc r25,__zero_reg__
 720 008e A105      		cpc r26,__zero_reg__
 721 0090 B105      		cpc r27,__zero_reg__
 722 0092 01F0      		breq .L40
 723 0094 0397      		sbiw r24,3
 724 0096 A105      		cpc r26,__zero_reg__
 725 0098 B105      		cpc r27,__zero_reg__
 726 009a 01F0      		breq .+2
 727 009c 00C0      		rjmp .L76
 728 009e 00C0      		rjmp .L85
 729               	.L46:
 730 00a0 8630      		cpi r24,lo8(6)
 731 00a2 9105      		cpc r25,__zero_reg__
 732 00a4 A105      		cpc r26,__zero_reg__
 733 00a6 B105      		cpc r27,__zero_reg__
 734 00a8 01F4      		brne .+2
 735 00aa 00C0      		rjmp .L44
 736 00ac 8630      		cpi r24,lo8(6)
 737 00ae 9105      		cpc r25,__zero_reg__
 738 00b0 A105      		cpc r26,__zero_reg__
 739 00b2 B105      		cpc r27,__zero_reg__
 740 00b4 00F4      		brsh .+2
 741 00b6 00C0      		rjmp .L43
 742 00b8 0897      		sbiw r24,8
 743 00ba A105      		cpc r26,__zero_reg__
 744 00bc B105      		cpc r27,__zero_reg__
 745 00be 01F0      		breq .+2
 746 00c0 00C0      		rjmp .L76
 747 00c2 00C0      		rjmp .L86
 748               	.L40:
 749               	.LBB99:
 750               	.LSM77:
 751 00c4 CB56      		subi r28,lo8(-(149))
 752 00c6 DF4F      		sbci r29,hi8(-(149))
 753 00c8 21E0      		ldi r18,lo8(1)
 754 00ca 2883      		st Y,r18
 755 00cc C559      		subi r28,lo8(-(-149))
 756 00ce D040      		sbci r29,hi8(-(-149))
 757               	.LSM78:
 758 00d0 82E0      		ldi r24,lo8(-2147483646)
 759 00d2 90E0      		ldi r25,hi8(-2147483646)
 760 00d4 A0E0      		ldi r26,hlo8(-2147483646)
 761 00d6 B0E8      		ldi r27,hhi8(-2147483646)
 762 00d8 8D8B      		std Y+21,r24
 763 00da 9E8B      		std Y+22,r25
 764 00dc AF8B      		std Y+23,r26
 765 00de B88F      		std Y+24,r27
 766               	.LSM79:
 767 00e0 84E3      		ldi r24,lo8(52)
 768 00e2 90E0      		ldi r25,hi8(52)
 769 00e4 A0E0      		ldi r26,hlo8(52)
 770 00e6 B0E0      		ldi r27,hhi8(52)
 771 00e8 F801      		movw r30,r16
 772 00ea 8483      		std Z+4,r24
 773 00ec 9583      		std Z+5,r25
 774 00ee A683      		std Z+6,r26
 775 00f0 B783      		std Z+7,r27
 776               	.LSM80:
 777 00f2 1486      		std Z+12,__zero_reg__
 778 00f4 1586      		std Z+13,__zero_reg__
 779 00f6 1686      		std Z+14,__zero_reg__
 780 00f8 1786      		std Z+15,__zero_reg__
 781               	.LSM81:
 782 00fa 81E0      		ldi r24,lo8(1)
 783 00fc 90E0      		ldi r25,hi8(1)
 784 00fe A0E0      		ldi r26,hlo8(1)
 785 0100 B0E0      		ldi r27,hhi8(1)
 786 0102 808B      		std Z+16,r24
 787 0104 918B      		std Z+17,r25
 788 0106 A28B      		std Z+18,r26
 789 0108 B38B      		std Z+19,r27
 790               	.LSM82:
 791 010a 148A      		std Z+20,__zero_reg__
 792 010c 158A      		std Z+21,__zero_reg__
 793 010e 168A      		std Z+22,__zero_reg__
 794 0110 178A      		std Z+23,__zero_reg__
 795               	.LSM83:
 796 0112 808F      		std Z+24,r24
 797 0114 918F      		std Z+25,r25
 798 0116 A28F      		std Z+26,r26
 799 0118 B38F      		std Z+27,r27
 800               	.LSM84:
 801 011a 148E      		std Z+28,__zero_reg__
 802 011c 158E      		std Z+29,__zero_reg__
 803 011e 168E      		std Z+30,__zero_reg__
 804 0120 178E      		std Z+31,__zero_reg__
 805               	.LSM85:
 806 0122 80A3      		std Z+32,r24
 807 0124 91A3      		std Z+33,r25
 808 0126 A2A3      		std Z+34,r26
 809 0128 B3A3      		std Z+35,r27
 810               	.LSM86:
 811 012a 88E0      		ldi r24,lo8(1544)
 812 012c 96E0      		ldi r25,hi8(1544)
 813 012e A0E0      		ldi r26,hlo8(1544)
 814 0130 B0E0      		ldi r27,hhi8(1544)
 815 0132 84A3      		std Z+36,r24
 816 0134 95A3      		std Z+37,r25
 817 0136 A6A3      		std Z+38,r26
 818 0138 B7A3      		std Z+39,r27
 819               	.LSM87:
 820 013a 10A6      		std Z+40,__zero_reg__
 821 013c 11A6      		std Z+41,__zero_reg__
 822 013e 12A6      		std Z+42,__zero_reg__
 823 0140 13A6      		std Z+43,__zero_reg__
 824               	.LSM88:
 825 0142 14A6      		std Z+44,__zero_reg__
 826 0144 15A6      		std Z+45,__zero_reg__
 827 0146 16A6      		std Z+46,__zero_reg__
 828 0148 17A6      		std Z+47,__zero_reg__
 829               	.LSM89:
 830 014a 10AA      		std Z+48,__zero_reg__
 831 014c 11AA      		std Z+49,__zero_reg__
 832 014e 12AA      		std Z+50,__zero_reg__
 833 0150 13AA      		std Z+51,__zero_reg__
 834               	.LSM90:
 835 0152 CA56      		subi r28,lo8(-(150))
 836 0154 DF4F      		sbci r29,hi8(-(150))
 837 0156 2883      		st Y,r18
 838 0158 00C0      		rjmp .L76
 839               	.L85:
 840               	.LSM91:
 841 015a CB56      		subi r28,lo8(-(149))
 842 015c DF4F      		sbci r29,hi8(-(149))
 843 015e 1992      		st Y+,__zero_reg__
 844               	.LSM92:
 845 0160 F801      		movw r30,r16
 846 0162 1482      		std Z+4,__zero_reg__
 847 0164 1582      		std Z+5,__zero_reg__
 848 0166 1682      		std Z+6,__zero_reg__
 849 0168 1782      		std Z+7,__zero_reg__
 850               	.LSM93:
 851 016a 1882      		st Y,__zero_reg__
 852               	.LVL55:
 853 016c 00C0      		rjmp .L76
 854               	.LVL56:
 855               	.L42:
 856               	.LSM94:
 857 016e CB56      		subi r28,lo8(-(149))
 858 0170 DF4F      		sbci r29,hi8(-(149))
 859 0172 81E0      		ldi r24,lo8(1)
 860 0174 8883      		st Y,r24
 861 0176 C559      		subi r28,lo8(-(-149))
 862 0178 D040      		sbci r29,hi8(-(-149))
 863               	.LSM95:
 864 017a F801      		movw r30,r16
 865 017c 2485      		ldd r18,Z+12
 866 017e 3585      		ldd r19,Z+13
 867 0180 4685      		ldd r20,Z+14
 868 0182 5785      		ldd r21,Z+15
 869               	.LVL57:
 870               	.LSM96:
 871 0184 FDE2      		ldi r31,lo8(45)
 872 0186 EF2E      		mov r14,r31
 873 0188 F12C      		mov r15,__zero_reg__
 874               	.LVL58:
 875 018a EC0E      		add r14,r28
 876 018c FD1E      		adc r15,r29
 877               	.LSM97:
 878 018e 84E0      		ldi r24,lo8(-2147483644)
 879 0190 90E0      		ldi r25,hi8(-2147483644)
 880 0192 A0E0      		ldi r26,hlo8(-2147483644)
 881 0194 B0E8      		ldi r27,hhi8(-2147483644)
 882 0196 8D8B      		std Y+21,r24
 883 0198 9E8B      		std Y+22,r25
 884 019a AF8B      		std Y+23,r26
 885 019c B88F      		std Y+24,r27
 886               	.LBB102:
 887               	.LBB103:
 888               	.LSM98:
 889 019e 2E30      		cpi r18,lo8(65806)
 890 01a0 F1E0      		ldi r31,hi8(65806)
 891 01a2 3F07      		cpc r19,r31
 892 01a4 F1E0      		ldi r31,hlo8(65806)
 893 01a6 4F07      		cpc r20,r31
 894 01a8 F0E0      		ldi r31,hhi8(65806)
 895 01aa 5F07      		cpc r21,r31
 896 01ac 01F4      		brne .+2
 897 01ae 00C0      		rjmp .L55
 898 01b0 2F30      		cpi r18,lo8(65807)
 899 01b2 61E0      		ldi r22,hi8(65807)
 900 01b4 3607      		cpc r19,r22
 901 01b6 61E0      		ldi r22,hlo8(65807)
 902 01b8 4607      		cpc r20,r22
 903 01ba 60E0      		ldi r22,hhi8(65807)
 904 01bc 5607      		cpc r21,r22
 905 01be 00F0      		brlo .+2
 906 01c0 00C0      		rjmp .L62
 907 01c2 2630      		cpi r18,lo8(65798)
 908 01c4 81E0      		ldi r24,hi8(65798)
 909 01c6 3807      		cpc r19,r24
 910 01c8 81E0      		ldi r24,hlo8(65798)
 911 01ca 4807      		cpc r20,r24
 912 01cc 80E0      		ldi r24,hhi8(65798)
 913 01ce 5807      		cpc r21,r24
 914 01d0 01F4      		brne .+2
 915 01d2 00C0      		rjmp .L51
 916 01d4 2730      		cpi r18,lo8(65799)
 917 01d6 E1E0      		ldi r30,hi8(65799)
 918 01d8 3E07      		cpc r19,r30
 919 01da E1E0      		ldi r30,hlo8(65799)
 920 01dc 4E07      		cpc r20,r30
 921 01de E0E0      		ldi r30,hhi8(65799)
 922 01e0 5E07      		cpc r21,r30
 923 01e2 00F4      		brsh .L63
 924 01e4 2230      		cpi r18,lo8(65794)
 925 01e6 F1E0      		ldi r31,hi8(65794)
 926 01e8 3F07      		cpc r19,r31
 927 01ea F1E0      		ldi r31,hlo8(65794)
 928 01ec 4F07      		cpc r20,r31
 929 01ee F0E0      		ldi r31,hhi8(65794)
 930 01f0 5F07      		cpc r21,r31
 931 01f2 01F4      		brne .+2
 932 01f4 00C0      		rjmp .L59
 933 01f6 2330      		cpi r18,lo8(65795)
 934 01f8 61E0      		ldi r22,hi8(65795)
 935 01fa 3607      		cpc r19,r22
 936 01fc 61E0      		ldi r22,hlo8(65795)
 937 01fe 4607      		cpc r20,r22
 938 0200 60E0      		ldi r22,hhi8(65795)
 939 0202 5607      		cpc r21,r22
 940 0204 00F4      		brsh .L64
 941 0206 2150      		subi r18,lo8(65793)
 942 0208 3140      		sbci r19,hi8(65793)
 943 020a 4140      		sbci r20,hlo8(65793)
 944 020c 5040      		sbci r21,hhi8(65793)
 945 020e 01F0      		breq .+2
 946 0210 00C0      		rjmp .L47
 947 0212 00C0      		rjmp .L87
 948               	.L64:
 949 0214 2550      		subi r18,lo8(65797)
 950 0216 3140      		sbci r19,hi8(65797)
 951 0218 4140      		sbci r20,hlo8(65797)
 952 021a 5040      		sbci r21,hhi8(65797)
 953 021c 00F0      		brlo .+2
 954 021e 00C0      		rjmp .L47
 955 0220 00C0      		rjmp .L59
 956               	.L63:
 957 0222 2C30      		cpi r18,lo8(65804)
 958 0224 F1E0      		ldi r31,hi8(65804)
 959 0226 3F07      		cpc r19,r31
 960 0228 F1E0      		ldi r31,hlo8(65804)
 961 022a 4F07      		cpc r20,r31
 962 022c F0E0      		ldi r31,hhi8(65804)
 963 022e 5F07      		cpc r21,r31
 964 0230 00F4      		brsh .L65
 965 0232 2A30      		cpi r18,lo8(65802)
 966 0234 61E0      		ldi r22,hi8(65802)
 967 0236 3607      		cpc r19,r22
 968 0238 61E0      		ldi r22,hlo8(65802)
 969 023a 4607      		cpc r20,r22
 970 023c 60E0      		ldi r22,hhi8(65802)
 971 023e 5607      		cpc r21,r22
 972 0240 00F0      		brlo .+2
 973 0242 00C0      		rjmp .L51
 974 0244 2750      		subi r18,lo8(65799)
 975 0246 3140      		sbci r19,hi8(65799)
 976 0248 4140      		sbci r20,hlo8(65799)
 977 024a 5040      		sbci r21,hhi8(65799)
 978 024c 01F0      		breq .+2
 979 024e 00C0      		rjmp .L47
 980 0250 00C0      		rjmp .L88
 981               	.L65:
 982 0252 2C30      		cpi r18,lo8(65804)
 983 0254 E1E0      		ldi r30,hi8(65804)
 984 0256 3E07      		cpc r19,r30
 985 0258 E1E0      		ldi r30,hlo8(65804)
 986 025a 4E07      		cpc r20,r30
 987 025c E0E0      		ldi r30,hhi8(65804)
 988 025e 5E07      		cpc r21,r30
 989 0260 01F4      		brne .+2
 990 0262 00C0      		rjmp .L53
 991 0264 2D50      		subi r18,lo8(65805)
 992 0266 3140      		sbci r19,hi8(65805)
 993 0268 4140      		sbci r20,hlo8(65805)
 994 026a 5040      		sbci r21,hhi8(65805)
 995 026c 01F0      		breq .+2
 996 026e 00C0      		rjmp .L47
 997 0270 00C0      		rjmp .L89
 998               	.L62:
 999 0272 2630      		cpi r18,lo8(131334)
 1000 0274 61E0      		ldi r22,hi8(131334)
 1001 0276 3607      		cpc r19,r22
 1002 0278 62E0      		ldi r22,hlo8(131334)
 1003 027a 4607      		cpc r20,r22
 1004 027c 60E0      		ldi r22,hhi8(131334)
 1005 027e 5607      		cpc r21,r22
 1006 0280 00F4      		brsh .L66
 1007 0282 2130      		cpi r18,lo8(131329)
 1008 0284 81E0      		ldi r24,hi8(131329)
 1009 0286 3807      		cpc r19,r24
 1010 0288 82E0      		ldi r24,hlo8(131329)
 1011 028a 4807      		cpc r20,r24
 1012 028c 80E0      		ldi r24,hhi8(131329)
 1013 028e 5807      		cpc r21,r24
 1014 0290 00F0      		brlo .+2
 1015 0292 00C0      		rjmp .L59
 1016 0294 2431      		cpi r18,lo8(65812)
 1017 0296 E1E0      		ldi r30,hi8(65812)
 1018 0298 3E07      		cpc r19,r30
 1019 029a E1E0      		ldi r30,hlo8(65812)
 1020 029c 4E07      		cpc r20,r30
 1021 029e E0E0      		ldi r30,hhi8(65812)
 1022 02a0 5E07      		cpc r21,r30
 1023 02a2 01F4      		brne .+2
 1024 02a4 00C0      		rjmp .L59
 1025 02a6 2230      		cpi r18,lo8(66050)
 1026 02a8 F2E0      		ldi r31,hi8(66050)
 1027 02aa 3F07      		cpc r19,r31
 1028 02ac F1E0      		ldi r31,hlo8(66050)
 1029 02ae 4F07      		cpc r20,r31
 1030 02b0 F0E0      		ldi r31,hhi8(66050)
 1031 02b2 5F07      		cpc r21,r31
 1032 02b4 01F4      		brne .+2
 1033 02b6 00C0      		rjmp .L59
 1034 02b8 2151      		subi r18,lo8(65809)
 1035 02ba 3140      		sbci r19,hi8(65809)
 1036 02bc 4140      		sbci r20,hlo8(65809)
 1037 02be 5040      		sbci r21,hhi8(65809)
 1038 02c0 01F0      		breq .+2
 1039 02c2 00C0      		rjmp .L47
 1040 02c4 00C0      		rjmp .L90
 1041               	.L66:
 1042 02c6 2430      		cpi r18,lo8(16843012)
 1043 02c8 81E0      		ldi r24,hi8(16843012)
 1044 02ca 3807      		cpc r19,r24
 1045 02cc 81E0      		ldi r24,hlo8(16843012)
 1046 02ce 4807      		cpc r20,r24
 1047 02d0 81E0      		ldi r24,hhi8(16843012)
 1048 02d2 5807      		cpc r21,r24
 1049 02d4 01F4      		brne .+2
 1050 02d6 00C0      		rjmp .L61
 1051 02d8 2530      		cpi r18,lo8(16843013)
 1052 02da E1E0      		ldi r30,hi8(16843013)
 1053 02dc 3E07      		cpc r19,r30
 1054 02de E1E0      		ldi r30,hlo8(16843013)
 1055 02e0 4E07      		cpc r20,r30
 1056 02e2 E1E0      		ldi r30,hhi8(16843013)
 1057 02e4 5E07      		cpc r21,r30
 1058 02e6 00F4      		brsh .L67
 1059 02e8 2150      		subi r18,lo8(-(-16843009))
 1060 02ea 3140      		sbci r19,hi8(-(-16843009))
 1061 02ec 4140      		sbci r20,hlo8(-(-16843009))
 1062 02ee 5140      		sbci r21,hhi8(-(-16843009))
 1063 02f0 2230      		cpi r18,lo8(2)
 1064 02f2 3105      		cpc r19,__zero_reg__
 1065 02f4 4105      		cpc r20,__zero_reg__
 1066 02f6 5105      		cpc r21,__zero_reg__
 1067 02f8 00F0      		brlo .+2
 1068 02fa 00C0      		rjmp .L47
 1069 02fc 00C0      		rjmp .L91
 1070               	.L67:
 1071 02fe 2150      		subi r18,lo8(-(-16908545))
 1072 0300 3140      		sbci r19,hi8(-(-16908545))
 1073 0302 4240      		sbci r20,hlo8(-(-16908545))
 1074 0304 5140      		sbci r21,hhi8(-(-16908545))
 1075 0306 2330      		cpi r18,lo8(3)
 1076 0308 3105      		cpc r19,__zero_reg__
 1077 030a 4105      		cpc r20,__zero_reg__
 1078 030c 5105      		cpc r21,__zero_reg__
 1079 030e 00F0      		brlo .+2
 1080 0310 00C0      		rjmp .L47
 1081 0312 00C0      		rjmp .L59
 1082               	.L87:
 1083               	.LSM99:
 1084 0314 C701      		movw r24,r14
 1085 0316 60E0      		ldi r22,lo8(AdapterSupportedOIDList)
 1086 0318 70E0      		ldi r23,hi8(AdapterSupportedOIDList)
 1087 031a 4CE6      		ldi r20,lo8(108)
 1088 031c 50E0      		ldi r21,hi8(108)
 1089 031e 0E94 0000 		call memcpy_P
 1090               	.LVL59:
 1091 0322 CCE6      		ldi r28,lo8(108)
 1092 0324 D0E0      		ldi r29,hi8(108)
 1093               	.LVL60:
 1094 0326 00C0      		rjmp .L68
 1095               	.LVL61:
 1096               	.L53:
 1097               	.LSM100:
 1098 0328 8FEF      		ldi r24,lo8(16777215)
 1099 032a 9FEF      		ldi r25,hi8(16777215)
 1100 032c AFEF      		ldi r26,hlo8(16777215)
 1101 032e B0E0      		ldi r27,hhi8(16777215)
 1102 0330 00C0      		rjmp .L83
 1103               	.L51:
 1104               	.LSM101:
 1105 0332 8CED      		ldi r24,lo8(1500)
 1106 0334 95E0      		ldi r25,hi8(1500)
 1107 0336 A0E0      		ldi r26,hlo8(1500)
 1108 0338 B0E0      		ldi r27,hhi8(1500)
 1109 033a 00C0      		rjmp .L83
 1110               	.L89:
 1111               	.LSM102:
 1112 033c 6D85      		ldd r22,Y+13
 1113 033e 7E85      		ldd r23,Y+14
 1114               	.LBE103:
 1115 0340 FB01      		movw r30,r22
 1116 0342 EF01      		movw r28,r30
 1117               	.LVL62:
 1118 0344 0990      		ld __tmp_reg__,Y+
 1119 0346 0020      		tst __tmp_reg__
 1120 0348 01F4      		brne .-6
 1121               	.LBB104:
 1122 034a CE1B      		sub r28,r30
 1123 034c DF0B      		sbc r29,r31
 1124               	.LSM103:
 1125 034e C701      		movw r24,r14
 1126               	.LVL63:
 1127 0350 AE01      		movw r20,r28
 1128               	.LVL64:
 1129 0352 0E94 0000 		call memcpy
 1130               	.LVL65:
 1131 0356 00C0      		rjmp .L68
 1132               	.LVL66:
 1133               	.L88:
 1134               	.LSM104:
 1135 0358 80EA      		ldi r24,lo8(100000)
 1136 035a 96E8      		ldi r25,hi8(100000)
 1137 035c A1E0      		ldi r26,hlo8(100000)
 1138 035e B0E0      		ldi r27,hhi8(100000)
 1139 0360 00C0      		rjmp .L83
 1140               	.L91:
 1141               	.LSM105:
 1142 0362 D701      		movw r26,r14
 1143 0364 FE01      		movw r30,r28
 1144 0366 3F96      		adiw r30,15
 1145 0368 86E0      		ldi r24,lo8(6)
 1146               	.LVL67:
 1147               	.L70:
 1148 036a 0190      		ld r0,Z+
 1149 036c 0D92      		st X+,r0
 1150 036e 8150      		subi r24,lo8(-(-1))
 1151 0370 01F4      		brne .L70
 1152 0372 C6E0      		ldi r28,lo8(6)
 1153 0374 D0E0      		ldi r29,hi8(6)
 1154               	.LVL68:
 1155 0376 00C0      		rjmp .L68
 1156               	.LVL69:
 1157               	.L61:
 1158               	.LSM106:
 1159 0378 81E0      		ldi r24,lo8(1)
 1160 037a 90E0      		ldi r25,hi8(1)
 1161 037c A0E0      		ldi r26,hlo8(1)
 1162 037e B0E0      		ldi r27,hhi8(1)
 1163 0380 00C0      		rjmp .L83
 1164               	.L55:
 1165               	.LSM107:
 1166 0382 C956      		subi r28,lo8(-(151))
 1167 0384 DF4F      		sbci r29,hi8(-(151))
 1168 0386 8881      		ld r24,Y
 1169 0388 9981      		ldd r25,Y+1
 1170 038a AA81      		ldd r26,Y+2
 1171 038c BB81      		ldd r27,Y+3
 1172 038e C759      		subi r28,lo8(-(-151))
 1173 0390 D040      		sbci r29,hi8(-(-151))
 1174 0392 00C0      		rjmp .L83
 1175               	.L59:
 1176               	.LSM108:
 1177 0394 1DA6      		std Y+45,__zero_reg__
 1178 0396 1EA6      		std Y+46,__zero_reg__
 1179 0398 1FA6      		std Y+47,__zero_reg__
 1180 039a 18AA      		std Y+48,__zero_reg__
 1181 039c 00C0      		rjmp .L81
 1182               	.L90:
 1183               	.LSM109:
 1184 039e 8CE5      		ldi r24,lo8(1628)
 1185 03a0 96E0      		ldi r25,hi8(1628)
 1186 03a2 A0E0      		ldi r26,hlo8(1628)
 1187 03a4 B0E0      		ldi r27,hhi8(1628)
 1188               	.L83:
 1189 03a6 8DA7      		std Y+45,r24
 1190 03a8 9EA7      		std Y+46,r25
 1191 03aa AFA7      		std Y+47,r26
 1192 03ac B8AB      		std Y+48,r27
 1193               	.L81:
 1194 03ae C4E0      		ldi r28,lo8(4)
 1195 03b0 D0E0      		ldi r29,hi8(4)
 1196               	.LVL70:
 1197 03b2 00C0      		rjmp .L68
 1198               	.LVL71:
 1199               	.L47:
 1200               	.LBE104:
 1201               	.LBE102:
 1202               	.LSM110:
 1203 03b4 8BEB      		ldi r24,lo8(-1073741637)
 1204 03b6 90E0      		ldi r25,hi8(-1073741637)
 1205 03b8 A0E0      		ldi r26,hlo8(-1073741637)
 1206 03ba B0EC      		ldi r27,hhi8(-1073741637)
 1207 03bc F801      		movw r30,r16
 1208 03be 8487      		std Z+12,r24
 1209 03c0 9587      		std Z+13,r25
 1210 03c2 A687      		std Z+14,r26
 1211 03c4 B787      		std Z+15,r27
 1212               	.LSM111:
 1213 03c6 88E1      		ldi r24,lo8(24)
 1214 03c8 90E0      		ldi r25,hi8(24)
 1215 03ca A0E0      		ldi r26,hlo8(24)
 1216 03cc B0E0      		ldi r27,hhi8(24)
 1217 03ce 8483      		std Z+4,r24
 1218 03d0 9583      		std Z+5,r25
 1219 03d2 A683      		std Z+6,r26
 1220 03d4 B783      		std Z+7,r27
 1221               	.LSM112:
 1222 03d6 108A      		std Z+16,__zero_reg__
 1223 03d8 118A      		std Z+17,__zero_reg__
 1224 03da 128A      		std Z+18,__zero_reg__
 1225 03dc 138A      		std Z+19,__zero_reg__
 1226               	.LSM113:
 1227 03de 148A      		std Z+20,__zero_reg__
 1228 03e0 158A      		std Z+21,__zero_reg__
 1229 03e2 168A      		std Z+22,__zero_reg__
 1230 03e4 178A      		std Z+23,__zero_reg__
 1231 03e6 00C0      		rjmp .L76
 1232               	.LVL72:
 1233               	.L43:
 1234               	.LSM114:
 1235 03e8 CB56      		subi r28,lo8(-(149))
 1236 03ea DF4F      		sbci r29,hi8(-(149))
 1237 03ec 81E0      		ldi r24,lo8(1)
 1238 03ee 8883      		st Y,r24
 1239 03f0 C559      		subi r28,lo8(-(-149))
 1240 03f2 D040      		sbci r29,hi8(-(-149))
 1241               	.LSM115:
 1242 03f4 F801      		movw r30,r16
 1243 03f6 2485      		ldd r18,Z+12
 1244 03f8 3585      		ldd r19,Z+13
 1245 03fa 4685      		ldd r20,Z+14
 1246 03fc 5785      		ldd r21,Z+15
 1247               	.LVL73:
 1248               	.LSM116:
 1249 03fe 85E0      		ldi r24,lo8(-2147483643)
 1250 0400 90E0      		ldi r25,hi8(-2147483643)
 1251 0402 A0E0      		ldi r26,hlo8(-2147483643)
 1252 0404 B0E8      		ldi r27,hhi8(-2147483643)
 1253 0406 8D8B      		std Y+21,r24
 1254 0408 9E8B      		std Y+22,r25
 1255 040a AF8B      		std Y+23,r26
 1256 040c B88F      		std Y+24,r27
 1257               	.LSM117:
 1258 040e 80E1      		ldi r24,lo8(16)
 1259 0410 90E0      		ldi r25,hi8(16)
 1260 0412 A0E0      		ldi r26,hlo8(16)
 1261 0414 B0E0      		ldi r27,hhi8(16)
 1262 0416 8483      		std Z+4,r24
 1263 0418 9583      		std Z+5,r25
 1264 041a A683      		std Z+6,r26
 1265 041c B783      		std Z+7,r27
 1266               	.LSM118:
 1267 041e 8489      		ldd r24,Z+20
 1268 0420 9589      		ldd r25,Z+21
 1269 0422 A689      		ldd r26,Z+22
 1270 0424 B789      		ldd r27,Z+23
 1271               	.LBB100:
 1272               	.LBB101:
 1273               	.LSM119:
 1274 0426 2E30      		cpi r18,lo8(65806)
 1275 0428 F1E0      		ldi r31,hi8(65806)
 1276 042a 3F07      		cpc r19,r31
 1277 042c F1E0      		ldi r31,hlo8(65806)
 1278 042e 4F07      		cpc r20,r31
 1279 0430 F0E0      		ldi r31,hhi8(65806)
 1280 0432 5F07      		cpc r21,r31
 1281 0434 01F0      		breq .L72
 1282 0436 2350      		subi r18,lo8(16843011)
 1283 0438 3140      		sbci r19,hi8(16843011)
 1284 043a 4140      		sbci r20,hlo8(16843011)
 1285 043c 5140      		sbci r21,hhi8(16843011)
 1286 043e 01F0      		breq .L80
 1287 0440 8BEB      		ldi r24,lo8(-1073741637)
 1288 0442 90E0      		ldi r25,hi8(-1073741637)
 1289 0444 A0E0      		ldi r26,hlo8(-1073741637)
 1290 0446 B0EC      		ldi r27,hhi8(-1073741637)
 1291 0448 00C0      		rjmp .L74
 1292               	.L72:
 1293               	.LSM120:
 1294 044a FE01      		movw r30,r28
 1295 044c E80F      		add r30,r24
 1296 044e F91F      		adc r31,r25
 1297 0450 858D      		ldd r24,Z+29
 1298 0452 968D      		ldd r25,Z+30
 1299 0454 A78D      		ldd r26,Z+31
 1300 0456 B0A1      		ldd r27,Z+32
 1301 0458 C956      		subi r28,lo8(-(151))
 1302 045a DF4F      		sbci r29,hi8(-(151))
 1303 045c 8883      		st Y,r24
 1304 045e 9983      		std Y+1,r25
 1305 0460 AA83      		std Y+2,r26
 1306 0462 BB83      		std Y+3,r27
 1307               	.LSM121:
 1308 0464 FE01      		movw r30,r28
 1309 0466 82E0      		ldi r24,lo8(2)
 1310 0468 8293      		st -Z,r24
 1311               	.L80:
 1312 046a 80E0      		ldi r24,lo8(0)
 1313 046c 90E0      		ldi r25,hi8(0)
 1314 046e A0E0      		ldi r26,hlo8(0)
 1315 0470 B0E0      		ldi r27,hhi8(0)
 1316               	.L74:
 1317               	.LBE101:
 1318               	.LBE100:
 1319               	.LSM122:
 1320 0472 F801      		movw r30,r16
 1321 0474 8487      		std Z+12,r24
 1322 0476 9587      		std Z+13,r25
 1323 0478 A687      		std Z+14,r26
 1324 047a B787      		std Z+15,r27
 1325 047c 00C0      		rjmp .L76
 1326               	.LVL74:
 1327               	.L44:
 1328               	.LSM123:
 1329 047e CB56      		subi r28,lo8(-(149))
 1330 0480 DF4F      		sbci r29,hi8(-(149))
 1331 0482 81E0      		ldi r24,lo8(1)
 1332 0484 8883      		st Y,r24
 1333 0486 C559      		subi r28,lo8(-(-149))
 1334 0488 D040      		sbci r29,hi8(-(-149))
 1335               	.LSM124:
 1336 048a 86E0      		ldi r24,lo8(-2147483642)
 1337 048c 90E0      		ldi r25,hi8(-2147483642)
 1338 048e A0E0      		ldi r26,hlo8(-2147483642)
 1339 0490 B0E8      		ldi r27,hhi8(-2147483642)
 1340 0492 8D8B      		std Y+21,r24
 1341 0494 9E8B      		std Y+22,r25
 1342 0496 AF8B      		std Y+23,r26
 1343 0498 B88F      		std Y+24,r27
 1344               	.LSM125:
 1345 049a 80E1      		ldi r24,lo8(16)
 1346 049c 90E0      		ldi r25,hi8(16)
 1347 049e A0E0      		ldi r26,hlo8(16)
 1348 04a0 B0E0      		ldi r27,hhi8(16)
 1349 04a2 F801      		movw r30,r16
 1350 04a4 8483      		std Z+4,r24
 1351 04a6 9583      		std Z+5,r25
 1352 04a8 A683      		std Z+6,r26
 1353 04aa B783      		std Z+7,r27
 1354               	.LSM126:
 1355 04ac 1086      		std Z+8,__zero_reg__
 1356 04ae 1186      		std Z+9,__zero_reg__
 1357 04b0 1286      		std Z+10,__zero_reg__
 1358 04b2 1386      		std Z+11,__zero_reg__
 1359 04b4 00C0      		rjmp .L82
 1360               	.L86:
 1361               	.LSM127:
 1362 04b6 CB56      		subi r28,lo8(-(149))
 1363 04b8 DF4F      		sbci r29,hi8(-(149))
 1364 04ba 81E0      		ldi r24,lo8(1)
 1365 04bc 8883      		st Y,r24
 1366 04be C559      		subi r28,lo8(-(-149))
 1367 04c0 D040      		sbci r29,hi8(-(-149))
 1368               	.LSM128:
 1369 04c2 88E0      		ldi r24,lo8(-2147483640)
 1370 04c4 90E0      		ldi r25,hi8(-2147483640)
 1371 04c6 A0E0      		ldi r26,hlo8(-2147483640)
 1372 04c8 B0E8      		ldi r27,hhi8(-2147483640)
 1373 04ca 8D8B      		std Y+21,r24
 1374 04cc 9E8B      		std Y+22,r25
 1375 04ce AF8B      		std Y+23,r26
 1376 04d0 B88F      		std Y+24,r27
 1377               	.LSM129:
 1378 04d2 80E1      		ldi r24,lo8(16)
 1379 04d4 90E0      		ldi r25,hi8(16)
 1380 04d6 A0E0      		ldi r26,hlo8(16)
 1381 04d8 B0E0      		ldi r27,hhi8(16)
 1382 04da F801      		movw r30,r16
 1383 04dc 8483      		std Z+4,r24
 1384 04de 9583      		std Z+5,r25
 1385 04e0 A683      		std Z+6,r26
 1386 04e2 B783      		std Z+7,r27
 1387               	.L82:
 1388               	.LSM130:
 1389 04e4 1486      		std Z+12,__zero_reg__
 1390 04e6 1586      		std Z+13,__zero_reg__
 1391 04e8 1686      		std Z+14,__zero_reg__
 1392 04ea 1786      		std Z+15,__zero_reg__
 1393 04ec 00C0      		rjmp .L76
 1394               	.L84:
 1395               	.LBE99:
 1396               	.LBE98:
 1397               	.LBE97:
 1398               	.LSM131:
 1399 04ee 8091 0000 		lds r24,USB_ControlRequest
 1400 04f2 813A      		cpi r24,lo8(-95)
 1401 04f4 01F0      		breq .+2
 1402 04f6 00C0      		rjmp .L76
 1403               	.LBB107:
 1404               	.LSM132:
 1405 04f8 8E01      		movw r16,r28
 1406               	.LVL75:
 1407 04fa 0B5E      		subi r16,lo8(-(21))
 1408 04fc 1F4F      		sbci r17,hi8(-(21))
 1409               	.LSM133:
 1410 04fe F801      		movw r30,r16
 1411 0500 8481      		ldd r24,Z+4
 1412 0502 9581      		ldd r25,Z+5
 1413 0504 A681      		ldd r26,Z+6
 1414 0506 B781      		ldd r27,Z+7
 1415 0508 0097      		sbiw r24,0
 1416 050a A105      		cpc r26,__zero_reg__
 1417 050c B105      		cpc r27,__zero_reg__
 1418 050e 01F4      		brne .L75
 1419               	.LSM134:
 1420 0510 1D8A      		std Y+21,__zero_reg__
 1421               	.LSM135:
 1422 0512 81E0      		ldi r24,lo8(1)
 1423 0514 90E0      		ldi r25,hi8(1)
 1424 0516 A0E0      		ldi r26,hlo8(1)
 1425 0518 B0E0      		ldi r27,hhi8(1)
 1426 051a 8483      		std Z+4,r24
 1427 051c 9583      		std Z+5,r25
 1428 051e A683      		std Z+6,r26
 1429 0520 B783      		std Z+7,r27
 1430               	.L75:
 1431               	.LBB108:
 1432               	.LBB109:
 1433               	.LSM136:
 1434 0522 8091 E800 		lds r24,232
 1435 0526 877F      		andi r24,lo8(-9)
 1436 0528 8093 E800 		sts 232,r24
 1437               	.LBE109:
 1438               	.LBE108:
 1439               	.LSM137:
 1440 052c F801      		movw r30,r16
 1441 052e 6481      		ldd r22,Z+4
 1442 0530 7581      		ldd r23,Z+5
 1443 0532 CE01      		movw r24,r28
 1444 0534 4596      		adiw r24,21
 1445 0536 0E94 0000 		call Endpoint_Write_Control_Stream_LE
 1446               	.LBB110:
 1447               	.LBB111:
 1448               	.LSM138:
 1449 053a 8091 E800 		lds r24,232
 1450 053e 8B77      		andi r24,lo8(123)
 1451 0540 8093 E800 		sts 232,r24
 1452               	.LBE111:
 1453               	.LBE110:
 1454               	.LSM139:
 1455 0544 F801      		movw r30,r16
 1456 0546 1482      		std Z+4,__zero_reg__
 1457 0548 1582      		std Z+5,__zero_reg__
 1458 054a 1682      		std Z+6,__zero_reg__
 1459 054c 1782      		std Z+7,__zero_reg__
 1460 054e 00C0      		rjmp .L76
 1461               	.LVL76:
 1462               	.L68:
 1463               	.LBE107:
 1464               	.LBB112:
 1465               	.LBB106:
 1466               	.LBB105:
 1467               	.LSM140:
 1468 0550 F801      		movw r30,r16
 1469 0552 1486      		std Z+12,__zero_reg__
 1470 0554 1586      		std Z+13,__zero_reg__
 1471 0556 1686      		std Z+14,__zero_reg__
 1472 0558 1786      		std Z+15,__zero_reg__
 1473               	.LSM141:
 1474 055a 6896      		adiw r28,24
 1475 055c CE01      		movw r24,r28
 1476 055e A0E0      		ldi r26,lo8(0)
 1477 0560 B0E0      		ldi r27,hi8(0)
 1478 0562 6897      		sbiw r28,24
 1479 0564 8483      		std Z+4,r24
 1480 0566 9583      		std Z+5,r25
 1481 0568 A683      		std Z+6,r26
 1482 056a B783      		std Z+7,r27
 1483               	.LSM142:
 1484 056c CE01      		movw r24,r28
 1485 056e A0E0      		ldi r26,lo8(0)
 1486 0570 B0E0      		ldi r27,hi8(0)
 1487               	.LVL77:
 1488 0572 808B      		std Z+16,r24
 1489 0574 918B      		std Z+17,r25
 1490 0576 A28B      		std Z+18,r26
 1491 0578 B38B      		std Z+19,r27
 1492               	.LSM143:
 1493 057a 80E1      		ldi r24,lo8(16)
 1494 057c 90E0      		ldi r25,hi8(16)
 1495 057e A0E0      		ldi r26,hlo8(16)
 1496 0580 B0E0      		ldi r27,hhi8(16)
 1497 0582 848B      		std Z+20,r24
 1498 0584 958B      		std Z+21,r25
 1499 0586 A68B      		std Z+22,r26
 1500 0588 B78B      		std Z+23,r27
 1501               	.LVL78:
 1502               	.L76:
 1503               	/* epilogue start */
 1504               	.LBE105:
 1505               	.LBE106:
 1506               	.LBE112:
 1507               	.LSM144:
 1508 058a DF91      		pop r29
 1509 058c CF91      		pop r28
 1510               	.LVL79:
 1511 058e 1F91      		pop r17
 1512 0590 0F91      		pop r16
 1513               	.LVL80:
 1514 0592 FF90      		pop r15
 1515 0594 EF90      		pop r14
 1516               	.LVL81:
 1517 0596 0895      		ret
 1518               	.LFE96:
 1520               		.data
 1523               	C.9.3905:
 1524 0000 A1        		.byte	-95
 1525 0001 01        		.byte	1
 1526 0002 0000      		.word	0
 1527 0004 0000      		.word	0
 1528 0006 0000      		.word	0
 1529               		.section	.progmem.data,"a",@progbits
 1532               	AdapterSupportedOIDList:
 1533 0000 01        		.byte	1
 1534 0001 01        		.byte	1
 1535 0002 01        		.byte	1
 1536 0003 00        		.byte	0
 1537 0004 02        		.byte	2
 1538 0005 02        		.byte	2
 1539 0006 01        		.byte	1
 1540 0007 00        		.byte	0
 1541 0008 02        		.byte	2
 1542 0009 01        		.byte	1
 1543 000a 01        		.byte	1
 1544 000b 00        		.byte	0
 1545 000c 03        		.byte	3
 1546 000d 01        		.byte	1
 1547 000e 01        		.byte	1
 1548 000f 00        		.byte	0
 1549 0010 04        		.byte	4
 1550 0011 01        		.byte	1
 1551 0012 01        		.byte	1
 1552 0013 00        		.byte	0
 1553 0014 06        		.byte	6
 1554 0015 01        		.byte	1
 1555 0016 01        		.byte	1
 1556 0017 00        		.byte	0
 1557 0018 11        		.byte	17
 1558 0019 01        		.byte	1
 1559 001a 01        		.byte	1
 1560 001b 00        		.byte	0
 1561 001c 07        		.byte	7
 1562 001d 01        		.byte	1
 1563 001e 01        		.byte	1
 1564 001f 00        		.byte	0
 1565 0020 0A        		.byte	10
 1566 0021 01        		.byte	1
 1567 0022 01        		.byte	1
 1568 0023 00        		.byte	0
 1569 0024 0B        		.byte	11
 1570 0025 01        		.byte	1
 1571 0026 01        		.byte	1
 1572 0027 00        		.byte	0
 1573 0028 0C        		.byte	12
 1574 0029 01        		.byte	1
 1575 002a 01        		.byte	1
 1576 002b 00        		.byte	0
 1577 002c 0D        		.byte	13
 1578 002d 01        		.byte	1
 1579 002e 01        		.byte	1
 1580 002f 00        		.byte	0
 1581 0030 0E        		.byte	14
 1582 0031 01        		.byte	1
 1583 0032 01        		.byte	1
 1584 0033 00        		.byte	0
 1585 0034 11        		.byte	17
 1586 0035 01        		.byte	1
 1587 0036 01        		.byte	1
 1588 0037 00        		.byte	0
 1589 0038 14        		.byte	20
 1590 0039 01        		.byte	1
 1591 003a 01        		.byte	1
 1592 003b 00        		.byte	0
 1593 003c 01        		.byte	1
 1594 003d 01        		.byte	1
 1595 003e 02        		.byte	2
 1596 003f 00        		.byte	0
 1597 0040 02        		.byte	2
 1598 0041 01        		.byte	1
 1599 0042 02        		.byte	2
 1600 0043 00        		.byte	0
 1601 0044 03        		.byte	3
 1602 0045 01        		.byte	1
 1603 0046 02        		.byte	2
 1604 0047 00        		.byte	0
 1605 0048 04        		.byte	4
 1606 0049 01        		.byte	1
 1607 004a 02        		.byte	2
 1608 004b 00        		.byte	0
 1609 004c 05        		.byte	5
 1610 004d 01        		.byte	1
 1611 004e 02        		.byte	2
 1612 004f 00        		.byte	0
 1613 0050 01        		.byte	1
 1614 0051 01        		.byte	1
 1615 0052 01        		.byte	1
 1616 0053 01        		.byte	1
 1617 0054 02        		.byte	2
 1618 0055 01        		.byte	1
 1619 0056 01        		.byte	1
 1620 0057 01        		.byte	1
 1621 0058 03        		.byte	3
 1622 0059 01        		.byte	1
 1623 005a 01        		.byte	1
 1624 005b 01        		.byte	1
 1625 005c 04        		.byte	4
 1626 005d 01        		.byte	1
 1627 005e 01        		.byte	1
 1628 005f 01        		.byte	1
 1629 0060 01        		.byte	1
 1630 0061 01        		.byte	1
 1631 0062 02        		.byte	2
 1632 0063 01        		.byte	1
 1633 0064 02        		.byte	2
 1634 0065 01        		.byte	1
 1635 0066 02        		.byte	2
 1636 0067 01        		.byte	1
 1637 0068 03        		.byte	3
 1638 0069 01        		.byte	1
 1639 006a 02        		.byte	2
 1640 006b 01        		.byte	1
 1705               	.Letext0:
DEFINED SYMBOLS
                            *ABS*:00000000 RNDIS.c
/var/folders/ml/6pvjwk4n6698h5qhg_5pqkt80000gn/T//ccVYQpMH.s:2      *ABS*:0000003f __SREG__
/var/folders/ml/6pvjwk4n6698h5qhg_5pqkt80000gn/T//ccVYQpMH.s:3      *ABS*:0000003e __SP_H__
/var/folders/ml/6pvjwk4n6698h5qhg_5pqkt80000gn/T//ccVYQpMH.s:4      *ABS*:0000003d __SP_L__
/var/folders/ml/6pvjwk4n6698h5qhg_5pqkt80000gn/T//ccVYQpMH.s:5      *ABS*:00000034 __CCP__
/var/folders/ml/6pvjwk4n6698h5qhg_5pqkt80000gn/T//ccVYQpMH.s:6      *ABS*:00000000 __tmp_reg__
/var/folders/ml/6pvjwk4n6698h5qhg_5pqkt80000gn/T//ccVYQpMH.s:7      *ABS*:00000001 __zero_reg__
/var/folders/ml/6pvjwk4n6698h5qhg_5pqkt80000gn/T//ccVYQpMH.s:19     .text.RNDIS_Device_IsPacketReceived:00000000 RNDIS_Device_IsPacketReceived
/var/folders/ml/6pvjwk4n6698h5qhg_5pqkt80000gn/T//ccVYQpMH.s:69     .text.RNDIS_Device_SendPacket:00000000 RNDIS_Device_SendPacket
/var/folders/ml/6pvjwk4n6698h5qhg_5pqkt80000gn/T//ccVYQpMH.s:227    .text.RNDIS_Device_USBTask:00000000 RNDIS_Device_USBTask
/var/folders/ml/6pvjwk4n6698h5qhg_5pqkt80000gn/T//ccVYQpMH.s:1523   .data:00000000 C.9.3905
/var/folders/ml/6pvjwk4n6698h5qhg_5pqkt80000gn/T//ccVYQpMH.s:331    .text.RNDIS_Device_ReadPacket:00000000 RNDIS_Device_ReadPacket
/var/folders/ml/6pvjwk4n6698h5qhg_5pqkt80000gn/T//ccVYQpMH.s:473    .text.RNDIS_Device_ConfigureEndpoints:00000000 RNDIS_Device_ConfigureEndpoints
/var/folders/ml/6pvjwk4n6698h5qhg_5pqkt80000gn/T//ccVYQpMH.s:630    .text.RNDIS_Device_ProcessControlRequest:00000000 RNDIS_Device_ProcessControlRequest
/var/folders/ml/6pvjwk4n6698h5qhg_5pqkt80000gn/T//ccVYQpMH.s:1532   .progmem.data:00000000 AdapterSupportedOIDList

UNDEFINED SYMBOLS
Endpoint_WaitUntilReady
Endpoint_Write_Stream_LE
Endpoint_Read_Stream_LE
Endpoint_ConfigureEndpoint_Prv
USB_ControlRequest
Endpoint_Read_Control_Stream_LE
memcpy_P
memcpy
Endpoint_Write_Control_Stream_LE
__do_copy_data
