   1               		.file	"Temperature.c"
   2               	__SREG__ = 0x3f
   3               	__SP_H__ = 0x3e
   4               	__SP_L__ = 0x3d
   5               	__CCP__  = 0x34
   6               	__tmp_reg__ = 0
   7               	__zero_reg__ = 1
  15               	.Ltext0:
  16               		.section	.text.Temperature_GetTemperature,"ax",@progbits
  17               	.global	Temperature_GetTemperature
  19               	Temperature_GetTemperature:
  20               	.LFB25:
  21               	.LSM0:
  22               	/* prologue: function */
  23               	/* frame size = 0 */
  24               	.LBB19:
  25               	.LBB20:
  26               	.LBB21:
  27               	.LBB22:
  28               	.LSM1:
  29 0000 80E4      		ldi r24,lo8(64)
  30 0002 8093 7C00 		sts 124,r24
  31               	.LSM2:
  32 0006 8091 7B00 		lds r24,123
  33 000a 8F7D      		andi r24,lo8(-33)
  34 000c 8093 7B00 		sts 123,r24
  35               	.LSM3:
  36 0010 8091 7A00 		lds r24,122
  37 0014 8064      		ori r24,lo8(64)
  38 0016 8093 7A00 		sts 122,r24
  39               	.L2:
  40               	.LBE22:
  41               	.LBE21:
  42               	.LBB23:
  43               	.LBB24:
  44               	.LSM4:
  45 001a 8091 7A00 		lds r24,122
  46               	.LBE24:
  47               	.LBE23:
  48               	.LSM5:
  49 001e 84FF      		sbrs r24,4
  50 0020 00C0      		rjmp .L2
  51               	.LBB25:
  52               	.LBB26:
  53               	.LSM6:
  54 0022 8091 7A00 		lds r24,122
  55 0026 8061      		ori r24,lo8(16)
  56 0028 8093 7A00 		sts 122,r24
  57               	.LSM7:
  58 002c 6091 7800 		lds r22,120
  59 0030 7091 7900 		lds r23,(120)+1
  60               	.LVL0:
  61               	.LBE26:
  62               	.LBE25:
  63               	.LBE20:
  64               	.LBE19:
  65               	.LBB27:
  66               	.LSM8:
  67 0034 40E0      		ldi r20,lo8(Temperature_Lookup)
  68 0036 50E0      		ldi r21,hi8(Temperature_Lookup)
  69               	.LVL1:
  70 0038 FA01      		movw r30,r20
  71               	/* #APP */
  72               	 ;  51 "../../LUFA/Drivers/Board/Temperature.c" 1
  73 003a 8591      		lpm r24, Z+
  74 003c 9491      		lpm r25, Z
  75               		
  76               	 ;  0 "" 2
  77               	.LVL2:
  78               	/* #NOAPP */
  79               	.LBE27:
  80 003e 8617      		cp r24,r22
  81 0040 9707      		cpc r25,r23
  82 0042 00F4      		brsh .L3
  83 0044 8BEE      		ldi r24,lo8(-21)
  84               	.LVL3:
  85 0046 0895      		ret
  86               	.LVL4:
  87               	.L3:
  88 0048 20E0      		ldi r18,lo8(0)
  89 004a 30E0      		ldi r19,hi8(0)
  90               	.LVL5:
  91               	.L6:
  92               	.LBB28:
  93               	.LBB29:
  94               	.LSM9:
  95 004c FA01      		movw r30,r20
  96               	/* #APP */
  97               	 ;  56 "../../LUFA/Drivers/Board/Temperature.c" 1
  98 004e 8591      		lpm r24, Z+
  99 0050 9491      		lpm r25, Z
 100               		
 101               	 ;  0 "" 2
 102               	.LVL6:
 103               	/* #NOAPP */
 104               	.LBE29:
 105 0052 8617      		cp r24,r22
 106 0054 9707      		cpc r25,r23
 107 0056 00F4      		brsh .L5
 108               	.LSM10:
 109 0058 822F      		mov r24,r18
 110               	.LVL7:
 111 005a 8551      		subi r24,lo8(-(-21))
 112 005c 0895      		ret
 113               	.LVL8:
 114               	.L5:
 115               	.LSM11:
 116 005e 2F5F      		subi r18,lo8(-(1))
 117 0060 3F4F      		sbci r19,hi8(-(1))
 118 0062 4E5F      		subi r20,lo8(-(2))
 119 0064 5F4F      		sbci r21,hi8(-(2))
 120 0066 2837      		cpi r18,120
 121 0068 3105      		cpc r19,__zero_reg__
 122 006a 01F4      		brne .L6
 123 006c 82E6      		ldi r24,lo8(98)
 124               	.LVL9:
 125               	.LBE28:
 126               	.LSM12:
 127 006e 0895      		ret
 128               	.LFE25:
 130               		.section	.progmem.data,"a",@progbits
 133               	Temperature_Lookup:
 134 0000 B403      		.word	948
 135 0002 B003      		.word	944
 136 0004 AB03      		.word	939
 137 0006 A603      		.word	934
 138 0008 A003      		.word	928
 139 000a 9A03      		.word	922
 140 000c 9403      		.word	916
 141 000e 8E03      		.word	910
 142 0010 8803      		.word	904
 143 0012 8103      		.word	897
 144 0014 7A03      		.word	890
 145 0016 7303      		.word	883
 146 0018 6B03      		.word	875
 147 001a 6303      		.word	867
 148 001c 5B03      		.word	859
 149 001e 5303      		.word	851
 150 0020 4A03      		.word	842
 151 0022 4103      		.word	833
 152 0024 3803      		.word	824
 153 0026 2F03      		.word	815
 154 0028 2503      		.word	805
 155 002a 1B03      		.word	795
 156 002c 1103      		.word	785
 157 002e 0703      		.word	775
 158 0030 FC02      		.word	764
 159 0032 F102      		.word	753
 160 0034 E602      		.word	742
 161 0036 DB02      		.word	731
 162 0038 D002      		.word	720
 163 003a C402      		.word	708
 164 003c B802      		.word	696
 165 003e AC02      		.word	684
 166 0040 A002      		.word	672
 167 0042 9402      		.word	660
 168 0044 8802      		.word	648
 169 0046 7C02      		.word	636
 170 0048 6F02      		.word	623
 171 004a 6302      		.word	611
 172 004c 5602      		.word	598
 173 004e 4A02      		.word	586
 174 0050 3D02      		.word	573
 175 0052 3102      		.word	561
 176 0054 2502      		.word	549
 177 0056 1802      		.word	536
 178 0058 0C02      		.word	524
 179 005a 0002      		.word	512
 180 005c F301      		.word	499
 181 005e E701      		.word	487
 182 0060 DB01      		.word	475
 183 0062 CF01      		.word	463
 184 0064 C401      		.word	452
 185 0066 B801      		.word	440
 186 0068 AC01      		.word	428
 187 006a A101      		.word	417
 188 006c 9601      		.word	406
 189 006e 8B01      		.word	395
 190 0070 8001      		.word	384
 191 0072 7601      		.word	374
 192 0074 6B01      		.word	363
 193 0076 6101      		.word	353
 194 0078 5701      		.word	343
 195 007a 4D01      		.word	333
 196 007c 4401      		.word	324
 197 007e 3A01      		.word	314
 198 0080 3101      		.word	305
 199 0082 2801      		.word	296
 200 0084 1F01      		.word	287
 201 0086 1701      		.word	279
 202 0088 0F01      		.word	271
 203 008a 0601      		.word	262
 204 008c FE00      		.word	254
 205 008e F700      		.word	247
 206 0090 EF00      		.word	239
 207 0092 E800      		.word	232
 208 0094 E100      		.word	225
 209 0096 DA00      		.word	218
 210 0098 D300      		.word	211
 211 009a CD00      		.word	205
 212 009c C700      		.word	199
 213 009e C000      		.word	192
 214 00a0 BA00      		.word	186
 215 00a2 B500      		.word	181
 216 00a4 AF00      		.word	175
 217 00a6 AA00      		.word	170
 218 00a8 A400      		.word	164
 219 00aa 9F00      		.word	159
 220 00ac 9A00      		.word	154
 221 00ae 9600      		.word	150
 222 00b0 9100      		.word	145
 223 00b2 8C00      		.word	140
 224 00b4 8800      		.word	136
 225 00b6 8400      		.word	132
 226 00b8 8000      		.word	128
 227 00ba 7C00      		.word	124
 228 00bc 7800      		.word	120
 229 00be 7400      		.word	116
 230 00c0 7100      		.word	113
 231 00c2 6D00      		.word	109
 232 00c4 6A00      		.word	106
 233 00c6 6700      		.word	103
 234 00c8 6400      		.word	100
 235 00ca 6100      		.word	97
 236 00cc 5E00      		.word	94
 237 00ce 5B00      		.word	91
 238 00d0 5800      		.word	88
 239 00d2 5500      		.word	85
 240 00d4 5300      		.word	83
 241 00d6 5000      		.word	80
 242 00d8 4E00      		.word	78
 243 00da 4C00      		.word	76
 244 00dc 4900      		.word	73
 245 00de 4700      		.word	71
 246 00e0 4500      		.word	69
 247 00e2 4300      		.word	67
 248 00e4 4100      		.word	65
 249 00e6 3F00      		.word	63
 250 00e8 3D00      		.word	61
 251 00ea 3C00      		.word	60
 252 00ec 3A00      		.word	58
 253 00ee 3800      		.word	56
 278               	.Letext0:
DEFINED SYMBOLS
                            *ABS*:00000000 Temperature.c
/var/folders/ml/6pvjwk4n6698h5qhg_5pqkt80000gn/T//ccGTx1b9.s:2      *ABS*:0000003f __SREG__
/var/folders/ml/6pvjwk4n6698h5qhg_5pqkt80000gn/T//ccGTx1b9.s:3      *ABS*:0000003e __SP_H__
/var/folders/ml/6pvjwk4n6698h5qhg_5pqkt80000gn/T//ccGTx1b9.s:4      *ABS*:0000003d __SP_L__
/var/folders/ml/6pvjwk4n6698h5qhg_5pqkt80000gn/T//ccGTx1b9.s:5      *ABS*:00000034 __CCP__
/var/folders/ml/6pvjwk4n6698h5qhg_5pqkt80000gn/T//ccGTx1b9.s:6      *ABS*:00000000 __tmp_reg__
/var/folders/ml/6pvjwk4n6698h5qhg_5pqkt80000gn/T//ccGTx1b9.s:7      *ABS*:00000001 __zero_reg__
/var/folders/ml/6pvjwk4n6698h5qhg_5pqkt80000gn/T//ccGTx1b9.s:19     .text.Temperature_GetTemperature:00000000 Temperature_GetTemperature
/var/folders/ml/6pvjwk4n6698h5qhg_5pqkt80000gn/T//ccGTx1b9.s:133    .progmem.data:00000000 Temperature_Lookup

NO UNDEFINED SYMBOLS
